{"/home/travis/build/npmtest/node-npmtest-homebridge-platform-wemo/test.js":{"path":"/home/travis/build/npmtest/node-npmtest-homebridge-platform-wemo/test.js","s":{"1":2,"2":2,"3":2,"4":2,"5":2,"6":2,"7":2,"8":1,"9":2,"10":2,"11":1,"12":1,"13":1,"14":1,"15":2,"16":2,"17":2,"18":2,"19":1,"20":1,"21":2,"22":2,"23":2,"24":1,"25":1,"26":1,"27":1,"28":1,"29":1,"30":1,"31":1,"32":1,"33":1,"34":1,"35":1,"36":1,"37":2,"38":2,"39":1,"40":2,"41":2,"42":1,"43":2,"44":2,"45":1,"46":2,"47":2,"48":1,"49":1,"50":1,"51":1,"52":1},"b":{"1":[2,1,1,1],"2":[1,1,1,1],"3":[1,1],"4":[1,1],"5":[1,1],"6":[1,1],"7":[1,1],"8":[1,1],"9":[1,1,1],"10":[1,1],"11":[1,1],"12":[1,1],"13":[1,1],"14":[1,1],"15":[1,1],"16":[1,1]},"f":{"1":2,"2":2,"3":2,"4":2,"5":2,"6":1,"7":1,"8":2,"9":2,"10":2,"11":2,"12":1},"fnMap":{"1":{"name":"(anonymous_1)","line":12,"loc":{"start":{"line":12,"column":1},"end":{"line":12,"column":13}}},"2":{"name":"(anonymous_2)","line":19,"loc":{"start":{"line":19,"column":5},"end":{"line":19,"column":17}}},"3":{"name":"(anonymous_3)","line":23,"loc":{"start":{"line":23,"column":24},"end":{"line":23,"column":36}}},"4":{"name":"(anonymous_4)","line":61,"loc":{"start":{"line":61,"column":5},"end":{"line":61,"column":17}}},"5":{"name":"(anonymous_5)","line":82,"loc":{"start":{"line":82,"column":5},"end":{"line":82,"column":17}}},"6":{"name":"(anonymous_6)","line":102,"loc":{"start":{"line":102,"column":83},"end":{"line":105,"column":10}},"skip":true},"7":{"name":"(anonymous_7)","line":113,"loc":{"start":{"line":113,"column":77},"end":{"line":116,"column":10}},"skip":true},"8":{"name":"(anonymous_8)","line":129,"loc":{"start":{"line":129,"column":12},"end":{"line":129,"column":40}},"skip":true},"9":{"name":"(anonymous_9)","line":137,"loc":{"start":{"line":137,"column":77},"end":{"line":140,"column":10}},"skip":true},"10":{"name":"(anonymous_10)","line":148,"loc":{"start":{"line":148,"column":83},"end":{"line":151,"column":10}},"skip":true},"11":{"name":"(anonymous_11)","line":159,"loc":{"start":{"line":159,"column":79},"end":{"line":162,"column":10}},"skip":true},"12":{"name":"(anonymous_12)","line":170,"loc":{"start":{"line":170,"column":75},"end":{"line":173,"column":10}},"skip":true}},"statementMap":{"1":{"start":{"line":12,"column":0},"end":{"line":185,"column":5}},"2":{"start":{"line":14,"column":4},"end":{"line":14,"column":14}},"3":{"start":{"line":19,"column":4},"end":{"line":56,"column":9}},"4":{"start":{"line":21,"column":8},"end":{"line":21,"column":19}},"5":{"start":{"line":23,"column":8},"end":{"line":35,"column":13}},"6":{"start":{"line":24,"column":12},"end":{"line":34,"column":13}},"7":{"start":{"line":25,"column":16},"end":{"line":28,"column":30}},"8":{"start":{"line":30,"column":16},"end":{"line":33,"column":27}},"9":{"start":{"line":37,"column":8},"end":{"line":39,"column":21}},"10":{"start":{"line":40,"column":8},"end":{"line":53,"column":9}},"11":{"start":{"line":43,"column":12},"end":{"line":46,"column":14}},"12":{"start":{"line":47,"column":12},"end":{"line":47,"column":18}},"13":{"start":{"line":50,"column":12},"end":{"line":51,"column":46}},"14":{"start":{"line":52,"column":12},"end":{"line":52,"column":18}},"15":{"start":{"line":55,"column":8},"end":{"line":55,"column":35}},"16":{"start":{"line":61,"column":4},"end":{"line":63,"column":9}},"17":{"start":{"line":62,"column":8},"end":{"line":62,"column":15}},"18":{"start":{"line":64,"column":4},"end":{"line":77,"column":5}},"19":{"start":{"line":70,"column":8},"end":{"line":70,"column":14}},"20":{"start":{"line":76,"column":8},"end":{"line":76,"column":14}},"21":{"start":{"line":82,"column":4},"end":{"line":84,"column":9}},"22":{"start":{"line":83,"column":8},"end":{"line":83,"column":15}},"23":{"start":{"line":85,"column":4},"end":{"line":184,"column":5}},"24":{"start":{"line":92,"column":8},"end":{"line":94,"column":63}},"25":{"start":{"line":95,"column":8},"end":{"line":95,"column":14}},"26":{"start":{"line":102,"column":8},"end":{"line":111,"column":10},"skip":true},"27":{"start":{"line":109,"column":12},"end":{"line":109,"column":55},"skip":true},"28":{"start":{"line":110,"column":12},"end":{"line":110,"column":48},"skip":true},"29":{"start":{"line":113,"column":8},"end":{"line":126,"column":10},"skip":true},"30":{"start":{"line":120,"column":12},"end":{"line":120,"column":76},"skip":true},"31":{"start":{"line":121,"column":12},"end":{"line":121,"column":73},"skip":true},"32":{"start":{"line":122,"column":12},"end":{"line":122,"column":74},"skip":true},"33":{"start":{"line":123,"column":12},"end":{"line":123,"column":79},"skip":true},"34":{"start":{"line":124,"column":12},"end":{"line":124,"column":25},"skip":true},"35":{"start":{"line":125,"column":12},"end":{"line":125,"column":45},"skip":true},"36":{"start":{"line":128,"column":8},"end":{"line":135,"column":14},"skip":true},"37":{"start":{"line":133,"column":16},"end":{"line":133,"column":29},"skip":true},"38":{"start":{"line":134,"column":16},"end":{"line":134,"column":55},"skip":true},"39":{"start":{"line":137,"column":8},"end":{"line":146,"column":10},"skip":true},"40":{"start":{"line":144,"column":12},"end":{"line":144,"column":25},"skip":true},"41":{"start":{"line":145,"column":12},"end":{"line":145,"column":45},"skip":true},"42":{"start":{"line":148,"column":8},"end":{"line":157,"column":10},"skip":true},"43":{"start":{"line":155,"column":12},"end":{"line":155,"column":25},"skip":true},"44":{"start":{"line":156,"column":12},"end":{"line":156,"column":48},"skip":true},"45":{"start":{"line":159,"column":8},"end":{"line":168,"column":10},"skip":true},"46":{"start":{"line":166,"column":12},"end":{"line":166,"column":25},"skip":true},"47":{"start":{"line":167,"column":12},"end":{"line":167,"column":46},"skip":true},"48":{"start":{"line":170,"column":8},"end":{"line":179,"column":10},"skip":true},"49":{"start":{"line":177,"column":12},"end":{"line":177,"column":94},"skip":true},"50":{"start":{"line":178,"column":12},"end":{"line":178,"column":48},"skip":true},"51":{"start":{"line":182,"column":8},"end":{"line":182,"column":35},"skip":true},"52":{"start":{"line":183,"column":8},"end":{"line":183,"column":14},"skip":true}},"branchMap":{"1":{"line":25,"type":"binary-expr","locations":[{"start":{"line":25,"column":23},"end":{"line":25,"column":62}},{"start":{"line":26,"column":20},"end":{"line":26,"column":70}},{"start":{"line":27,"column":20},"end":{"line":27,"column":71}},{"start":{"line":28,"column":20},"end":{"line":28,"column":29}}]},"2":{"line":30,"type":"binary-expr","locations":[{"start":{"line":30,"column":23},"end":{"line":30,"column":37}},{"start":{"line":31,"column":20},"end":{"line":31,"column":61}},{"start":{"line":32,"column":20},"end":{"line":32,"column":70}},{"start":{"line":33,"column":20},"end":{"line":33,"column":26}}]},"3":{"line":37,"type":"cond-expr","locations":[{"start":{"line":38,"column":14},"end":{"line":38,"column":20}},{"start":{"line":39,"column":14},"end":{"line":39,"column":20}}]},"4":{"line":40,"type":"switch","locations":[{"start":{"line":42,"column":8},"end":{"line":47,"column":18}},{"start":{"line":49,"column":8},"end":{"line":52,"column":18}}]},"5":{"line":44,"type":"binary-expr","locations":[{"start":{"line":44,"column":16},"end":{"line":44,"column":44}},{"start":{"line":44,"column":48},"end":{"line":44,"column":66}}]},"6":{"line":50,"type":"binary-expr","locations":[{"start":{"line":50,"column":21},"end":{"line":50,"column":49}},{"start":{"line":50,"column":53},"end":{"line":50,"column":72}}]},"7":{"line":64,"type":"switch","locations":[{"start":{"line":69,"column":4},"end":{"line":70,"column":14}},{"start":{"line":75,"column":4},"end":{"line":76,"column":14}}]},"8":{"line":85,"type":"switch","locations":[{"start":{"line":90,"column":4},"end":{"line":95,"column":14}},{"start":{"line":101,"column":4},"end":{"line":183,"column":14},"skip":true}]},"9":{"line":92,"type":"binary-expr","locations":[{"start":{"line":92,"column":18},"end":{"line":92,"column":32}},{"start":{"line":93,"column":12},"end":{"line":93,"column":53}},{"start":{"line":94,"column":12},"end":{"line":94,"column":61}}]},"10":{"line":102,"type":"binary-expr","locations":[{"start":{"line":102,"column":45},"end":{"line":102,"column":79},"skip":true},{"start":{"line":102,"column":83},"end":{"line":111,"column":9},"skip":true}]},"11":{"line":113,"type":"binary-expr","locations":[{"start":{"line":113,"column":42},"end":{"line":113,"column":73},"skip":true},{"start":{"line":113,"column":77},"end":{"line":126,"column":9},"skip":true}]},"12":{"line":128,"type":"binary-expr","locations":[{"start":{"line":128,"column":48},"end":{"line":128,"column":85},"skip":true},{"start":{"line":129,"column":12},"end":{"line":135,"column":13},"skip":true}]},"13":{"line":137,"type":"binary-expr","locations":[{"start":{"line":137,"column":42},"end":{"line":137,"column":73},"skip":true},{"start":{"line":137,"column":77},"end":{"line":146,"column":9},"skip":true}]},"14":{"line":148,"type":"binary-expr","locations":[{"start":{"line":148,"column":45},"end":{"line":148,"column":79},"skip":true},{"start":{"line":148,"column":83},"end":{"line":157,"column":9},"skip":true}]},"15":{"line":159,"type":"binary-expr","locations":[{"start":{"line":159,"column":43},"end":{"line":159,"column":75},"skip":true},{"start":{"line":159,"column":79},"end":{"line":168,"column":9},"skip":true}]},"16":{"line":170,"type":"binary-expr","locations":[{"start":{"line":170,"column":41},"end":{"line":170,"column":71},"skip":true},{"start":{"line":170,"column":75},"end":{"line":179,"column":9},"skip":true}]}},"code":["/* istanbul instrument in package npmtest_homebridge_platform_wemo */","/*jslint","    bitwise: true,","    browser: true,","    maxerr: 8,","    maxlen: 96,","    node: true,","    nomen: true,","    regexp: true,","    stupid: true","*/","(function () {","    'use strict';","    var local;","","","","    // run shared js-env code - pre-init","    (function () {","        // init local","        local = {};","        // init modeJs","        local.modeJs = (function () {","            try {","                return typeof navigator.userAgent === 'string' &&","                    typeof document.querySelector('body') === 'object' &&","                    typeof XMLHttpRequest.prototype.open === 'function' &&","                    'browser';","            } catch (errorCaughtBrowser) {","                return module.exports &&","                    typeof process.versions.node === 'string' &&","                    typeof require('http').createServer === 'function' &&","                    'node';","            }","        }());","        // init global","        local.global = local.modeJs === 'browser'","            ? window","            : global;","        switch (local.modeJs) {","        // re-init local from window.local","        case 'browser':","            local = local.global.utility2.objectSetDefault(","                local.global.utility2_rollup || local.global.local,","                local.global.utility2","            );","            break;","        // re-init local from example.js","        case 'node':","            local = (local.global.utility2_rollup || require('utility2'))","                .requireExampleJsFromReadme();","            break;","        }","        // export local","        local.global.local = local;","    }());","","","","    // run shared js-env code - function","    (function () {","        return;","    }());","    switch (local.modeJs) {","","","","    // run browser js-env code - function","    case 'browser':","        break;","","","","    // run node js-env code - function","    case 'node':","        break;","    }","","","","    // run shared js-env code - post-init","    (function () {","        return;","    }());","    switch (local.modeJs) {","","","","    // run browser js-env code - post-init","    case 'browser':","        // run tests","        local.nop(local.modeTest &&","            document.querySelector('#testRunButton1') &&","            document.querySelector('#testRunButton1').click());","        break;","","","","    // run node js-env code - post-init","    /* istanbul ignore next */","    case 'node':","        local.testCase_buildApidoc_default = local.testCase_buildApidoc_default || function (","            options,","            onError","        ) {","        /*","         * this function will test buildApidoc's default handling-behavior-behavior","         */","            options = { modulePathList: module.paths };","            local.buildApidoc(options, onError);","        };","","        local.testCase_buildApp_default = local.testCase_buildApp_default || function (","            options,","            onError","        ) {","        /*","         * this function will test buildApp's default handling-behavior-behavior","         */","            local.testCase_buildReadme_default(options, local.onErrorThrow);","            local.testCase_buildLib_default(options, local.onErrorThrow);","            local.testCase_buildTest_default(options, local.onErrorThrow);","            local.testCase_buildCustomOrg_default(options, local.onErrorThrow);","            options = [];","            local.buildApp(options, onError);","        };","","        local.testCase_buildCustomOrg_default = local.testCase_buildCustomOrg_default ||","            function (options, onError) {","            /*","             * this function will test buildCustomOrg's default handling-behavior","             */","                options = {};","                local.buildCustomOrg(options, onError);","            };","","        local.testCase_buildLib_default = local.testCase_buildLib_default || function (","            options,","            onError","        ) {","        /*","         * this function will test buildLib's default handling-behavior","         */","            options = {};","            local.buildLib(options, onError);","        };","","        local.testCase_buildReadme_default = local.testCase_buildReadme_default || function (","            options,","            onError","        ) {","        /*","         * this function will test buildReadme's default handling-behavior-behavior","         */","            options = {};","            local.buildReadme(options, onError);","        };","","        local.testCase_buildTest_default = local.testCase_buildTest_default || function (","            options,","            onError","        ) {","        /*","         * this function will test buildTest's default handling-behavior","         */","            options = {};","            local.buildTest(options, onError);","        };","","        local.testCase_webpage_default = local.testCase_webpage_default || function (","            options,","            onError","        ) {","        /*","         * this function will test webpage's default handling-behavior","         */","            options = { modeCoverageMerge: true, url: local.serverLocalHost + '?modeTest=1' };","            local.browserTest(options, onError);","        };","","        // run test-server","        local.testRunServer(local);","        break;","    }","}());",""],"l":{"12":2,"14":2,"19":2,"21":2,"23":2,"24":2,"25":2,"30":1,"37":2,"40":2,"43":1,"47":1,"50":1,"52":1,"55":2,"61":2,"62":2,"64":2,"70":1,"76":1,"82":2,"83":2,"85":2,"92":1,"95":1,"102":1,"109":1,"110":1,"113":1,"120":1,"121":1,"122":1,"123":1,"124":1,"125":1,"128":1,"133":2,"134":2,"137":1,"144":2,"145":2,"148":1,"155":2,"156":2,"159":1,"166":2,"167":2,"170":1,"177":1,"178":1,"182":1,"183":1}},"/home/travis/build/npmtest/node-npmtest-homebridge-platform-wemo/lib.npmtest_homebridge_platform_wemo.js":{"path":"/home/travis/build/npmtest/node-npmtest-homebridge-platform-wemo/lib.npmtest_homebridge_platform_wemo.js","s":{"1":2,"2":2,"3":2,"4":2,"5":2,"6":2,"7":2,"8":1,"9":2,"10":2,"11":2,"12":2,"13":1,"14":1,"15":1,"16":1},"b":{"1":[2,1,1,1],"2":[1,1,1,1],"3":[1,1],"4":[2,2],"5":[1,1]},"f":{"1":2,"2":2,"3":2},"fnMap":{"1":{"name":"(anonymous_1)","line":12,"loc":{"start":{"line":12,"column":1},"end":{"line":12,"column":13}}},"2":{"name":"(anonymous_2)","line":19,"loc":{"start":{"line":19,"column":5},"end":{"line":19,"column":17}}},"3":{"name":"(anonymous_3)","line":23,"loc":{"start":{"line":23,"column":24},"end":{"line":23,"column":36}}}},"statementMap":{"1":{"start":{"line":12,"column":0},"end":{"line":53,"column":5}},"2":{"start":{"line":14,"column":4},"end":{"line":14,"column":14}},"3":{"start":{"line":19,"column":4},"end":{"line":52,"column":9}},"4":{"start":{"line":21,"column":8},"end":{"line":21,"column":19}},"5":{"start":{"line":23,"column":8},"end":{"line":35,"column":13}},"6":{"start":{"line":24,"column":12},"end":{"line":34,"column":13}},"7":{"start":{"line":25,"column":16},"end":{"line":28,"column":30}},"8":{"start":{"line":30,"column":16},"end":{"line":33,"column":27}},"9":{"start":{"line":37,"column":8},"end":{"line":39,"column":21}},"10":{"start":{"line":41,"column":8},"end":{"line":41,"column":54}},"11":{"start":{"line":43,"column":8},"end":{"line":43,"column":69}},"12":{"start":{"line":45,"column":8},"end":{"line":51,"column":9}},"13":{"start":{"line":46,"column":12},"end":{"line":46,"column":75}},"14":{"start":{"line":48,"column":12},"end":{"line":48,"column":35}},"15":{"start":{"line":49,"column":12},"end":{"line":49,"column":49}},"16":{"start":{"line":50,"column":12},"end":{"line":50,"column":43}}},"branchMap":{"1":{"line":25,"type":"binary-expr","locations":[{"start":{"line":25,"column":23},"end":{"line":25,"column":62}},{"start":{"line":26,"column":20},"end":{"line":26,"column":70}},{"start":{"line":27,"column":20},"end":{"line":27,"column":71}},{"start":{"line":28,"column":20},"end":{"line":28,"column":29}}]},"2":{"line":30,"type":"binary-expr","locations":[{"start":{"line":30,"column":23},"end":{"line":30,"column":37}},{"start":{"line":31,"column":20},"end":{"line":31,"column":61}},{"start":{"line":32,"column":20},"end":{"line":32,"column":70}},{"start":{"line":33,"column":20},"end":{"line":33,"column":26}}]},"3":{"line":37,"type":"cond-expr","locations":[{"start":{"line":38,"column":14},"end":{"line":38,"column":20}},{"start":{"line":39,"column":14},"end":{"line":39,"column":20}}]},"4":{"line":41,"type":"binary-expr","locations":[{"start":{"line":41,"column":16},"end":{"line":41,"column":44}},{"start":{"line":41,"column":48},"end":{"line":41,"column":53}}]},"5":{"line":45,"type":"if","locations":[{"start":{"line":45,"column":8},"end":{"line":45,"column":8}},{"start":{"line":45,"column":8},"end":{"line":45,"column":8}}]}},"code":["/* istanbul instrument in package npmtest_homebridge_platform_wemo */","/*jslint","    bitwise: true,","    browser: true,","    maxerr: 8,","    maxlen: 96,","    node: true,","    nomen: true,","    regexp: true,","    stupid: true","*/","(function () {","    'use strict';","    var local;","","","","    // run shared js-env code - pre-init","    (function () {","        // init local","        local = {};","        // init modeJs","        local.modeJs = (function () {","            try {","                return typeof navigator.userAgent === 'string' &&","                    typeof document.querySelector('body') === 'object' &&","                    typeof XMLHttpRequest.prototype.open === 'function' &&","                    'browser';","            } catch (errorCaughtBrowser) {","                return module.exports &&","                    typeof process.versions.node === 'string' &&","                    typeof require('http').createServer === 'function' &&","                    'node';","            }","        }());","        // init global","        local.global = local.modeJs === 'browser'","            ? window","            : global;","        // init utility2_rollup","        local = local.global.utility2_rollup || local;","        // init lib","        local.local = local.npmtest_homebridge_platform_wemo = local;","        // init exports","        if (local.modeJs === 'browser') {","            local.global.utility2_npmtest_homebridge_platform_wemo = local;","        } else {","            module.exports = local;","            module.exports.__dirname = __dirname;","            module.exports.module = module;","        }","    }());","}());",""],"l":{"12":2,"14":2,"19":2,"21":2,"23":2,"24":2,"25":2,"30":1,"37":2,"41":2,"43":2,"45":2,"46":1,"48":1,"49":1,"50":1}},"/home/travis/build/npmtest/node-npmtest-homebridge-platform-wemo/example.js":{"path":"/home/travis/build/npmtest/node-npmtest-homebridge-platform-wemo/example.js","s":{"1":2,"2":2,"3":2,"4":2,"5":2,"6":2,"7":2,"8":1,"9":2,"10":2,"11":2,"12":2,"13":1,"14":2,"15":2,"16":2,"17":2,"18":2,"19":0,"20":2,"21":1,"22":1,"23":1,"24":1,"25":1,"26":0,"27":0,"28":1,"29":1,"30":2,"31":0,"32":0,"33":0,"34":1,"35":2,"36":2,"37":2,"38":2,"39":2,"40":2,"41":0,"42":2,"43":2,"44":2,"45":1,"46":3,"47":1,"48":1,"49":1,"50":1,"51":1,"52":1,"53":1,"54":1,"55":1,"56":1,"57":0,"58":1,"59":6,"60":6,"61":1,"62":2,"63":0,"64":2,"65":1,"66":1,"67":0,"68":0,"69":0,"70":0,"71":0,"72":0,"73":0,"74":0,"75":0,"76":0,"77":0,"78":0,"79":0,"80":0,"81":0,"82":0,"83":0},"b":{"1":[2,1,1,1],"2":[1,1,1,1],"3":[1,1],"4":[2,2],"5":[1,1],"6":[1,1],"7":[2,0],"8":[2,1,1,1,1,1],"9":[0,2,0],"10":[1,1],"11":[2,1,1],"12":[1,0],"13":[0,2],"14":[2,0,0,0,0,0,0],"15":[0,2],"16":[2,0],"17":[1,1],"18":[0,1],"19":[1,2,0,2],"20":[1,0],"21":[1,1],"22":[0,0],"23":[0,0],"24":[0,0],"25":[0,0],"26":[0,0],"27":[0,0],"28":[0,0]},"f":{"1":2,"2":2,"3":2,"4":2,"5":2,"6":2,"7":2,"8":2,"9":3,"10":1,"11":6,"12":0},"fnMap":{"1":{"name":"(anonymous_1)","line":26,"loc":{"start":{"line":26,"column":1},"end":{"line":26,"column":13}}},"2":{"name":"(anonymous_2)","line":33,"loc":{"start":{"line":33,"column":5},"end":{"line":33,"column":17}}},"3":{"name":"(anonymous_3)","line":37,"loc":{"start":{"line":37,"column":24},"end":{"line":37,"column":36}}},"4":{"name":"(anonymous_4)","line":69,"loc":{"start":{"line":69,"column":31},"end":{"line":69,"column":48}},"skip":true},"5":{"name":"(anonymous_5)","line":78,"loc":{"start":{"line":78,"column":26},"end":{"line":78,"column":45}},"skip":true},"6":{"name":"(anonymous_6)","line":123,"loc":{"start":{"line":123,"column":33},"end":{"line":123,"column":48}},"skip":true},"7":{"name":"(anonymous_7)","line":125,"loc":{"start":{"line":125,"column":27},"end":{"line":125,"column":39}},"skip":true},"8":{"name":"(anonymous_8)","line":133,"loc":{"start":{"line":133,"column":59},"end":{"line":133,"column":74}},"skip":true},"9":{"name":"(anonymous_9)","line":143,"loc":{"start":{"line":143,"column":45},"end":{"line":143,"column":62}},"skip":true},"10":{"name":"(anonymous_10)","line":144,"loc":{"start":{"line":144,"column":73},"end":{"line":144,"column":92}},"skip":true},"11":{"name":"(anonymous_11)","line":272,"loc":{"start":{"line":272,"column":51},"end":{"line":272,"column":77}},"skip":true},"12":{"name":"(anonymous_12)","line":314,"loc":{"start":{"line":314,"column":32},"end":{"line":314,"column":61}},"skip":true}},"statementMap":{"1":{"start":{"line":26,"column":0},"end":{"line":325,"column":5}},"2":{"start":{"line":28,"column":4},"end":{"line":28,"column":14}},"3":{"start":{"line":33,"column":4},"end":{"line":60,"column":9}},"4":{"start":{"line":35,"column":8},"end":{"line":35,"column":19}},"5":{"start":{"line":37,"column":8},"end":{"line":49,"column":13}},"6":{"start":{"line":38,"column":12},"end":{"line":48,"column":13}},"7":{"start":{"line":39,"column":16},"end":{"line":42,"column":30}},"8":{"start":{"line":44,"column":16},"end":{"line":47,"column":27}},"9":{"start":{"line":51,"column":8},"end":{"line":53,"column":21}},"10":{"start":{"line":55,"column":8},"end":{"line":57,"column":45}},"11":{"start":{"line":59,"column":8},"end":{"line":59,"column":35}},"12":{"start":{"line":61,"column":4},"end":{"line":324,"column":5}},"13":{"start":{"line":69,"column":8},"end":{"line":121,"column":10},"skip":true},"14":{"start":{"line":70,"column":12},"end":{"line":88,"column":13},"skip":true},"15":{"start":{"line":76,"column":16},"end":{"line":87,"column":19},"skip":true},"16":{"start":{"line":79,"column":20},"end":{"line":86,"column":21},"skip":true},"17":{"start":{"line":82,"column":24},"end":{"line":82,"column":43},"skip":true},"18":{"start":{"line":83,"column":24},"end":{"line":83,"column":30},"skip":true},"19":{"start":{"line":85,"column":24},"end":{"line":85,"column":49},"skip":true},"20":{"start":{"line":89,"column":12},"end":{"line":107,"column":13},"skip":true},"21":{"start":{"line":92,"column":16},"end":{"line":102,"column":17},"skip":true},"22":{"start":{"line":93,"column":20},"end":{"line":93,"column":86},"skip":true},"23":{"start":{"line":94,"column":20},"end":{"line":95,"column":45},"skip":true},"24":{"start":{"line":96,"column":20},"end":{"line":96,"column":42},"skip":true},"25":{"start":{"line":97,"column":20},"end":{"line":97,"column":48},"skip":true},"26":{"start":{"line":100,"column":20},"end":{"line":100,"column":85},"skip":true},"27":{"start":{"line":101,"column":20},"end":{"line":101,"column":96},"skip":true},"28":{"start":{"line":103,"column":16},"end":{"line":103,"column":22},"skip":true},"29":{"start":{"line":106,"column":16},"end":{"line":106,"column":22},"skip":true},"30":{"start":{"line":108,"column":12},"end":{"line":120,"column":13},"skip":true},"31":{"start":{"line":114,"column":16},"end":{"line":119,"column":17},"skip":true},"32":{"start":{"line":116,"column":20},"end":{"line":116,"column":78},"skip":true},"33":{"start":{"line":118,"column":20},"end":{"line":118,"column":47},"skip":true},"34":{"start":{"line":123,"column":8},"end":{"line":141,"column":11},"skip":true},"35":{"start":{"line":124,"column":12},"end":{"line":124,"column":54},"skip":true},"36":{"start":{"line":125,"column":12},"end":{"line":140,"column":14},"skip":true},"37":{"start":{"line":126,"column":16},"end":{"line":126,"column":28},"skip":true},"38":{"start":{"line":127,"column":16},"end":{"line":127,"column":69},"skip":true},"39":{"start":{"line":128,"column":16},"end":{"line":128,"column":75},"skip":true},"40":{"start":{"line":129,"column":16},"end":{"line":131,"column":17},"skip":true},"41":{"start":{"line":130,"column":20},"end":{"line":130,"column":27},"skip":true},"42":{"start":{"line":133,"column":16},"end":{"line":137,"column":36},"skip":true},"43":{"start":{"line":134,"column":20},"end":{"line":136,"column":55},"skip":true},"44":{"start":{"line":139,"column":16},"end":{"line":139,"column":57},"skip":true},"45":{"start":{"line":143,"column":8},"end":{"line":147,"column":11},"skip":true},"46":{"start":{"line":144,"column":12},"end":{"line":146,"column":15},"skip":true},"47":{"start":{"line":145,"column":16},"end":{"line":145,"column":70},"skip":true},"48":{"start":{"line":149,"column":8},"end":{"line":149,"column":31},"skip":true},"49":{"start":{"line":150,"column":8},"end":{"line":150,"column":14},"skip":true},"50":{"start":{"line":158,"column":8},"end":{"line":158,"column":31},"skip":true},"51":{"start":{"line":160,"column":8},"end":{"line":160,"column":33},"skip":true},"52":{"start":{"line":161,"column":8},"end":{"line":161,"column":37},"skip":true},"53":{"start":{"line":162,"column":8},"end":{"line":162,"column":35},"skip":true},"54":{"start":{"line":164,"column":8},"end":{"line":164,"column":50},"skip":true},"55":{"start":{"line":166,"column":8},"end":{"line":256,"column":2},"skip":true},"56":{"start":{"line":258,"column":8},"end":{"line":286,"column":9},"skip":true},"57":{"start":{"line":259,"column":12},"end":{"line":269,"column":14},"skip":true},"58":{"start":{"line":271,"column":12},"end":{"line":285,"column":19},"skip":true},"59":{"start":{"line":274,"column":20},"end":{"line":274,"column":35},"skip":true},"60":{"start":{"line":275,"column":20},"end":{"line":284,"column":21},"skip":true},"61":{"start":{"line":277,"column":24},"end":{"line":277,"column":64},"skip":true},"62":{"start":{"line":279,"column":24},"end":{"line":279,"column":40},"skip":true},"63":{"start":{"line":281,"column":24},"end":{"line":281,"column":40},"skip":true},"64":{"start":{"line":283,"column":24},"end":{"line":283,"column":39},"skip":true},"65":{"start":{"line":288,"column":8},"end":{"line":290,"column":9},"skip":true},"66":{"start":{"line":289,"column":12},"end":{"line":289,"column":18},"skip":true},"67":{"start":{"line":291,"column":8},"end":{"line":293,"column":54},"skip":true},"68":{"start":{"line":294,"column":8},"end":{"line":301,"column":37},"skip":true},"69":{"start":{"line":302,"column":8},"end":{"line":302,"column":82},"skip":true},"70":{"start":{"line":305,"column":8},"end":{"line":307,"column":9},"skip":true},"71":{"start":{"line":306,"column":12},"end":{"line":306,"column":82},"skip":true},"72":{"start":{"line":309,"column":8},"end":{"line":311,"column":9},"skip":true},"73":{"start":{"line":310,"column":12},"end":{"line":310,"column":18},"skip":true},"74":{"start":{"line":312,"column":8},"end":{"line":312,"column":54},"skip":true},"75":{"start":{"line":313,"column":8},"end":{"line":313,"column":69},"skip":true},"76":{"start":{"line":314,"column":8},"end":{"line":322,"column":36},"skip":true},"77":{"start":{"line":315,"column":12},"end":{"line":315,"column":61},"skip":true},"78":{"start":{"line":316,"column":12},"end":{"line":319,"column":13},"skip":true},"79":{"start":{"line":317,"column":16},"end":{"line":317,"column":75},"skip":true},"80":{"start":{"line":318,"column":16},"end":{"line":318,"column":23},"skip":true},"81":{"start":{"line":320,"column":12},"end":{"line":320,"column":38},"skip":true},"82":{"start":{"line":321,"column":12},"end":{"line":321,"column":27},"skip":true},"83":{"start":{"line":323,"column":8},"end":{"line":323,"column":14},"skip":true}},"branchMap":{"1":{"line":39,"type":"binary-expr","locations":[{"start":{"line":39,"column":23},"end":{"line":39,"column":62}},{"start":{"line":40,"column":20},"end":{"line":40,"column":70}},{"start":{"line":41,"column":20},"end":{"line":41,"column":71}},{"start":{"line":42,"column":20},"end":{"line":42,"column":29}}]},"2":{"line":44,"type":"binary-expr","locations":[{"start":{"line":44,"column":23},"end":{"line":44,"column":37}},{"start":{"line":45,"column":20},"end":{"line":45,"column":61}},{"start":{"line":46,"column":20},"end":{"line":46,"column":70}},{"start":{"line":47,"column":20},"end":{"line":47,"column":26}}]},"3":{"line":51,"type":"cond-expr","locations":[{"start":{"line":52,"column":14},"end":{"line":52,"column":20}},{"start":{"line":53,"column":14},"end":{"line":53,"column":20}}]},"4":{"line":55,"type":"binary-expr","locations":[{"start":{"line":55,"column":16},"end":{"line":55,"column":44}},{"start":{"line":55,"column":49},"end":{"line":57,"column":43}}]},"5":{"line":55,"type":"cond-expr","locations":[{"start":{"line":56,"column":14},"end":{"line":56,"column":68}},{"start":{"line":57,"column":14},"end":{"line":57,"column":43}}]},"6":{"line":61,"type":"switch","locations":[{"start":{"line":68,"column":4},"end":{"line":150,"column":14},"skip":true},{"start":{"line":156,"column":4},"end":{"line":323,"column":14},"skip":true}]},"7":{"line":70,"type":"if","locations":[{"start":{"line":70,"column":12},"end":{"line":70,"column":12},"skip":true},{"start":{"line":70,"column":12},"end":{"line":70,"column":12},"skip":true}]},"8":{"line":70,"type":"binary-expr","locations":[{"start":{"line":70,"column":16},"end":{"line":70,"column":22},"skip":true},{"start":{"line":70,"column":27},"end":{"line":70,"column":32},"skip":true},{"start":{"line":71,"column":20},"end":{"line":71,"column":39},"skip":true},{"start":{"line":72,"column":20},"end":{"line":72,"column":49},"skip":true},{"start":{"line":73,"column":20},"end":{"line":73,"column":58},"skip":true},{"start":{"line":74,"column":20},"end":{"line":74,"column":69},"skip":true}]},"9":{"line":79,"type":"switch","locations":[{"start":{"line":80,"column":20},"end":{"line":80,"column":33},"skip":true},{"start":{"line":81,"column":20},"end":{"line":83,"column":30},"skip":true},{"start":{"line":84,"column":20},"end":{"line":85,"column":49},"skip":true}]},"10":{"line":89,"type":"switch","locations":[{"start":{"line":90,"column":12},"end":{"line":103,"column":22},"skip":true},{"start":{"line":105,"column":12},"end":{"line":106,"column":22},"skip":true}]},"11":{"line":89,"type":"binary-expr","locations":[{"start":{"line":89,"column":20},"end":{"line":89,"column":25},"skip":true},{"start":{"line":89,"column":29},"end":{"line":89,"column":48},"skip":true},{"start":{"line":89,"column":52},"end":{"line":89,"column":74},"skip":true}]},"12":{"line":92,"type":"if","locations":[{"start":{"line":92,"column":16},"end":{"line":92,"column":16},"skip":true},{"start":{"line":92,"column":16},"end":{"line":92,"column":16},"skip":true}]},"13":{"line":108,"type":"if","locations":[{"start":{"line":108,"column":12},"end":{"line":108,"column":12},"skip":true},{"start":{"line":108,"column":12},"end":{"line":108,"column":12},"skip":true}]},"14":{"line":108,"type":"binary-expr","locations":[{"start":{"line":108,"column":16},"end":{"line":108,"column":61},"skip":true},{"start":{"line":108,"column":66},"end":{"line":108,"column":72},"skip":true},{"start":{"line":108,"column":77},"end":{"line":108,"column":82},"skip":true},{"start":{"line":109,"column":20},"end":{"line":109,"column":39},"skip":true},{"start":{"line":110,"column":20},"end":{"line":110,"column":49},"skip":true},{"start":{"line":111,"column":20},"end":{"line":111,"column":58},"skip":true},{"start":{"line":112,"column":20},"end":{"line":112,"column":68},"skip":true}]},"15":{"line":129,"type":"if","locations":[{"start":{"line":129,"column":16},"end":{"line":129,"column":16},"skip":true},{"start":{"line":129,"column":16},"end":{"line":129,"column":16},"skip":true}]},"16":{"line":134,"type":"cond-expr","locations":[{"start":{"line":135,"column":26},"end":{"line":135,"column":29},"skip":true},{"start":{"line":136,"column":26},"end":{"line":136,"column":54},"skip":true}]},"17":{"line":164,"type":"binary-expr","locations":[{"start":{"line":164,"column":27},"end":{"line":164,"column":43},"skip":true},{"start":{"line":164,"column":47},"end":{"line":164,"column":49},"skip":true}]},"18":{"line":258,"type":"if","locations":[{"start":{"line":258,"column":8},"end":{"line":258,"column":8},"skip":true},{"start":{"line":258,"column":8},"end":{"line":258,"column":8},"skip":true}]},"19":{"line":275,"type":"switch","locations":[{"start":{"line":276,"column":20},"end":{"line":277,"column":64},"skip":true},{"start":{"line":278,"column":20},"end":{"line":279,"column":40},"skip":true},{"start":{"line":280,"column":20},"end":{"line":281,"column":40},"skip":true},{"start":{"line":282,"column":20},"end":{"line":283,"column":39},"skip":true}]},"20":{"line":288,"type":"if","locations":[{"start":{"line":288,"column":8},"end":{"line":288,"column":8},"skip":true},{"start":{"line":288,"column":8},"end":{"line":288,"column":8},"skip":true}]},"21":{"line":288,"type":"binary-expr","locations":[{"start":{"line":288,"column":12},"end":{"line":288,"column":40},"skip":true},{"start":{"line":288,"column":44},"end":{"line":288,"column":67},"skip":true}]},"22":{"line":292,"type":"binary-expr","locations":[{"start":{"line":292,"column":12},"end":{"line":292,"column":50},"skip":true},{"start":{"line":293,"column":12},"end":{"line":293,"column":53},"skip":true}]},"23":{"line":295,"type":"binary-expr","locations":[{"start":{"line":295,"column":12},"end":{"line":295,"column":82},"skip":true},{"start":{"line":296,"column":12},"end":{"line":301,"column":36},"skip":true}]},"24":{"line":302,"type":"binary-expr","locations":[{"start":{"line":302,"column":43},"end":{"line":302,"column":75},"skip":true},{"start":{"line":302,"column":79},"end":{"line":302,"column":81},"skip":true}]},"25":{"line":305,"type":"if","locations":[{"start":{"line":305,"column":8},"end":{"line":305,"column":8},"skip":true},{"start":{"line":305,"column":8},"end":{"line":305,"column":8},"skip":true}]},"26":{"line":309,"type":"if","locations":[{"start":{"line":309,"column":8},"end":{"line":309,"column":8},"skip":true},{"start":{"line":309,"column":8},"end":{"line":309,"column":8},"skip":true}]},"27":{"line":312,"type":"binary-expr","locations":[{"start":{"line":312,"column":27},"end":{"line":312,"column":43},"skip":true},{"start":{"line":312,"column":47},"end":{"line":312,"column":53},"skip":true}]},"28":{"line":316,"type":"if","locations":[{"start":{"line":316,"column":12},"end":{"line":316,"column":12},"skip":true},{"start":{"line":316,"column":12},"end":{"line":316,"column":12},"skip":true}]}},"code":["/*","example.js","","quickstart example","","instruction","    1. save this script as example.js","    2. run the shell command:","        $ npm install npmtest-homebridge-platform-wemo && PORT=8081 node example.js","    3. play with the browser-demo on http://127.0.0.1:8081","*/","","","","/* istanbul instrument in package npmtest_homebridge_platform_wemo */","/*jslint","    bitwise: true,","    browser: true,","    maxerr: 8,","    maxlen: 96,","    node: true,","    nomen: true,","    regexp: true,","    stupid: true","*/","(function () {","    'use strict';","    var local;","","","","    // run shared js-env code - pre-init","    (function () {","        // init local","        local = {};","        // init modeJs","        local.modeJs = (function () {","            try {","                return typeof navigator.userAgent === 'string' &&","                    typeof document.querySelector('body') === 'object' &&","                    typeof XMLHttpRequest.prototype.open === 'function' &&","                    'browser';","            } catch (errorCaughtBrowser) {","                return module.exports &&","                    typeof process.versions.node === 'string' &&","                    typeof require('http').createServer === 'function' &&","                    'node';","            }","        }());","        // init global","        local.global = local.modeJs === 'browser'","            ? window","            : global;","        // init utility2_rollup","        local = local.global.utility2_rollup || (local.modeJs === 'browser'","            ? local.global.utility2_npmtest_homebridge_platform_wemo","            : global.utility2_moduleExports);","        // export local","        local.global.local = local;","    }());","    switch (local.modeJs) {","","","","    // post-init","    // run browser js-env code - post-init","    /* istanbul ignore next */","    case 'browser':","        local.testRunBrowser = function (event) {","            if (!event || (event &&","                    event.currentTarget &&","                    event.currentTarget.className &&","                    event.currentTarget.className.includes &&","                    event.currentTarget.className.includes('onreset'))) {","                // reset output","                Array.from(","                    document.querySelectorAll('body > .resettable')","                ).forEach(function (element) {","                    switch (element.tagName) {","                    case 'INPUT':","                    case 'TEXTAREA':","                        element.value = '';","                        break;","                    default:","                        element.textContent = '';","                    }","                });","            }","            switch (event && event.currentTarget && event.currentTarget.id) {","            case 'testRunButton1':","                // show tests","                if (document.querySelector('#testReportDiv1').style.display === 'none') {","                    document.querySelector('#testReportDiv1').style.display = 'block';","                    document.querySelector('#testRunButton1').textContent =","                        'hide internal test';","                    local.modeTest = true;","                    local.testRunDefault(local);","                // hide tests","                } else {","                    document.querySelector('#testReportDiv1').style.display = 'none';","                    document.querySelector('#testRunButton1').textContent = 'run internal test';","                }","                break;","            // custom-case","            default:","                break;","            }","            if (document.querySelector('#inputTextareaEval1') && (!event || (event &&","                    event.currentTarget &&","                    event.currentTarget.className &&","                    event.currentTarget.className.includes &&","                    event.currentTarget.className.includes('oneval')))) {","                // try to eval input-code","                try {","                    /*jslint evil: true*/","                    eval(document.querySelector('#inputTextareaEval1').value);","                } catch (errorCaught) {","                    console.error(errorCaught);","                }","            }","        };","        // log stderr and stdout to #outputTextareaStdout1","        ['error', 'log'].forEach(function (key) {","            console[key + '_original'] = console[key];","            console[key] = function () {","                var element;","                console[key + '_original'].apply(console, arguments);","                element = document.querySelector('#outputTextareaStdout1');","                if (!element) {","                    return;","                }","                // append text to #outputTextareaStdout1","                element.value += Array.from(arguments).map(function (arg) {","                    return typeof arg === 'string'","                        ? arg","                        : JSON.stringify(arg, null, 4);","                }).join(' ') + '\\n';","                // scroll textarea to bottom","                element.scrollTop = element.scrollHeight;","            };","        });","        // init event-handling","        ['change', 'click', 'keyup'].forEach(function (event) {","            Array.from(document.querySelectorAll('.on' + event)).forEach(function (element) {","                element.addEventListener(event, local.testRunBrowser);","            });","        });","        // run tests","        local.testRunBrowser();","        break;","","","","    // run node js-env code - post-init","    /* istanbul ignore next */","    case 'node':","        // export local","        module.exports = local;","        // require modules","        local.fs = require('fs');","        local.http = require('http');","        local.url = require('url');","        // init assets","        local.assetsDict = local.assetsDict || {};","        /* jslint-ignore-begin */","        local.assetsDict['/assets.index.template.html'] = '\\","<!doctype html>\\n\\","<html lang=\"en\">\\n\\","<head>\\n\\","<meta charset=\"UTF-8\">\\n\\","<meta name=\"viewport\" content=\"width=device-width, initial-scale=1\">\\n\\","<title>{{env.npm_package_name}} (v{{env.npm_package_version}})</title>\\n\\","<style>\\n\\","/*csslint\\n\\","    box-sizing: false,\\n\\","    universal-selector: false\\n\\","*/\\n\\","* {\\n\\","    box-sizing: border-box;\\n\\","}\\n\\","body {\\n\\","    background: #dde;\\n\\","    font-family: Arial, Helvetica, sans-serif;\\n\\","    margin: 2rem;\\n\\","}\\n\\","body > * {\\n\\","    margin-bottom: 1rem;\\n\\","}\\n\\",".utility2FooterDiv {\\n\\","    margin-top: 20px;\\n\\","    text-align: center;\\n\\","}\\n\\","</style>\\n\\","<style>\\n\\","/*csslint\\n\\","*/\\n\\","textarea {\\n\\","    font-family: monospace;\\n\\","    height: 10rem;\\n\\","    width: 100%;\\n\\","}\\n\\","textarea[readonly] {\\n\\","    background: #ddd;\\n\\","}\\n\\","</style>\\n\\","</head>\\n\\","<body>\\n\\","<!-- utility2-comment\\n\\","<div id=\"ajaxProgressDiv1\" style=\"background: #d00; height: 2px; left: 0; margin: 0; padding: 0; position: fixed; top: 0; transition: background 0.5s, width 1.5s; width: 25%;\"></div>\\n\\","utility2-comment -->\\n\\","<h1>\\n\\","<!-- utility2-comment\\n\\","    <a\\n\\","        {{#if env.npm_package_homepage}}\\n\\","        href=\"{{env.npm_package_homepage}}\"\\n\\","        {{/if env.npm_package_homepage}}\\n\\","        target=\"_blank\"\\n\\","    >\\n\\","utility2-comment -->\\n\\","        {{env.npm_package_name}} (v{{env.npm_package_version}})\\n\\","<!-- utility2-comment\\n\\","    </a>\\n\\","utility2-comment -->\\n\\","</h1>\\n\\","<h3>{{env.npm_package_description}}</h3>\\n\\","<!-- utility2-comment\\n\\","<h4><a download href=\"assets.app.js\">download standalone app</a></h4>\\n\\","<button class=\"onclick onreset\" id=\"testRunButton1\">run internal test</button><br>\\n\\","<div id=\"testReportDiv1\" style=\"display: none;\"></div>\\n\\","utility2-comment -->\\n\\","\\n\\","\\n\\","\\n\\","<label>stderr and stdout</label>\\n\\","<textarea class=\"resettable\" id=\"outputTextareaStdout1\" readonly></textarea>\\n\\","<!-- utility2-comment\\n\\","{{#if isRollup}}\\n\\","<script src=\"assets.app.js\"></script>\\n\\","{{#unless isRollup}}\\n\\","utility2-comment -->\\n\\","<script src=\"assets.utility2.rollup.js\"></script>\\n\\","<script src=\"jsonp.utility2._stateInit?callback=window.utility2._stateInit\"></script>\\n\\","<script src=\"assets.npmtest_homebridge_platform_wemo.rollup.js\"></script>\\n\\","<script src=\"assets.example.js\"></script>\\n\\","<script src=\"assets.test.js\"></script>\\n\\","<!-- utility2-comment\\n\\","{{/if isRollup}}\\n\\","utility2-comment -->\\n\\","<div class=\"utility2FooterDiv\">\\n\\","    [ this app was created with\\n\\","    <a href=\"https://github.com/kaizhu256/node-utility2\" target=\"_blank\">utility2</a>\\n\\","    ]\\n\\","</div>\\n\\","</body>\\n\\","</html>\\n\\","';","        /* jslint-ignore-end */","        if (local.templateRender) {","            local.assetsDict['/'] = local.templateRender(","                local.assetsDict['/assets.index.template.html'],","                {","                    env: local.objectSetDefault(local.env, {","                        npm_package_description: 'the greatest app in the world!',","                        npm_package_name: 'my-app',","                        npm_package_nameAlias: 'my_app',","                        npm_package_version: '0.0.1'","                    })","                }","            );","        } else {","            local.assetsDict['/'] = local.assetsDict['/assets.index.template.html']","                .replace((/\\{\\{env\\.(\\w+?)\\}\\}/g), function (match0, match1) {","                    // jslint-hack","                    String(match0);","                    switch (match1) {","                    case 'npm_package_description':","                        return 'the greatest app in the world!';","                    case 'npm_package_name':","                        return 'my-app';","                    case 'npm_package_nameAlias':","                        return 'my_app';","                    case 'npm_package_version':","                        return '0.0.1';","                    }","                });","        }","        // run the cli","        if (local.global.utility2_rollup || module !== require.main) {","            break;","        }","        local.assetsDict['/assets.example.js'] =","            local.assetsDict['/assets.example.js'] ||","            local.fs.readFileSync(__filename, 'utf8');","        local.assetsDict['/assets.npmtest_homebridge_platform_wemo.rollup.js'] =","            local.assetsDict['/assets.npmtest_homebridge_platform_wemo.rollup.js'] ||","            local.fs.readFileSync(","                // buildCustomOrg-hack","                local.npmtest_homebridge_platform_wemo.__dirname +","                    '/lib.npmtest_homebridge_platform_wemo.js',","                'utf8'","            ).replace((/^#!/), '//');","        local.assetsDict['/favicon.ico'] = local.assetsDict['/favicon.ico'] || '';","        // if $npm_config_timeout_exit exists,","        // then exit this process after $npm_config_timeout_exit ms","        if (Number(process.env.npm_config_timeout_exit)) {","            setTimeout(process.exit, Number(process.env.npm_config_timeout_exit));","        }","        // start server","        if (local.global.utility2_serverHttp1) {","            break;","        }","        process.env.PORT = process.env.PORT || '8081';","        console.error('server starting on port ' + process.env.PORT);","        local.http.createServer(function (request, response) {","            request.urlParsed = local.url.parse(request.url);","            if (local.assetsDict[request.urlParsed.pathname] !== undefined) {","                response.end(local.assetsDict[request.urlParsed.pathname]);","                return;","            }","            response.statusCode = 404;","            response.end();","        }).listen(process.env.PORT);","        break;","    }","}());",""],"l":{"26":2,"28":2,"33":2,"35":2,"37":2,"38":2,"39":2,"44":1,"51":2,"55":2,"59":2,"61":2,"69":1,"70":2,"76":2,"79":2,"82":2,"83":2,"85":1,"89":2,"92":1,"93":1,"94":1,"96":1,"97":1,"100":1,"101":1,"103":1,"106":1,"108":2,"114":1,"116":1,"118":1,"123":1,"124":2,"125":2,"126":2,"127":2,"128":2,"129":2,"130":1,"133":2,"134":2,"139":2,"143":1,"144":3,"145":1,"149":1,"150":1,"158":1,"160":1,"161":1,"162":1,"164":1,"166":1,"258":1,"259":1,"271":1,"274":6,"275":6,"277":1,"279":2,"281":1,"283":2,"288":1,"289":1,"291":1,"294":1,"302":1,"305":1,"306":1,"309":1,"310":1,"312":1,"313":1,"314":1,"315":1,"316":1,"317":1,"318":1,"320":1,"321":1,"323":1}},"/home/travis/build/npmtest/node-npmtest-homebridge-platform-wemo/node_modules/homebridge-platform-wemo/index.js":{"path":"/home/travis/build/npmtest/node-npmtest-homebridge-platform-wemo/node_modules/homebridge-platform-wemo/index.js","s":{"1":1,"2":1,"3":1,"4":1,"5":1,"6":1,"7":0,"8":0,"9":0,"10":0,"11":0,"12":0,"13":0,"14":0,"15":0,"16":0,"17":0,"18":0,"19":0,"20":0,"21":0,"22":0,"23":0,"24":1,"25":0,"26":0,"27":0,"28":0,"29":0,"30":0,"31":0,"32":0,"33":0,"34":0,"35":0,"36":0,"37":0,"38":0,"39":0,"40":0,"41":0,"42":0,"43":0,"44":0,"45":0,"46":0,"47":0,"48":0,"49":0,"50":0,"51":0,"52":0,"53":0,"54":0,"55":0,"56":0,"57":0,"58":0,"59":0,"60":0,"61":0,"62":0,"63":0,"64":0,"65":0,"66":0,"67":0,"68":1,"69":0,"70":0,"71":0,"72":0,"73":0,"74":0,"75":0,"76":0,"77":0,"78":0,"79":0,"80":0,"81":0,"82":0,"83":0,"84":0,"85":0,"86":0,"87":0,"88":0,"89":0,"90":0,"91":1,"92":0,"93":0,"94":0,"95":0,"96":0,"97":1,"98":0,"99":0,"100":1,"101":0,"102":0,"103":0,"104":0,"105":0,"106":0,"107":0,"108":0,"109":0,"110":0,"111":0,"112":0,"113":0,"114":0,"115":0,"116":0,"117":0,"118":0,"119":0,"120":0,"121":0,"122":0,"123":0,"124":0,"125":0,"126":0,"127":0,"128":0,"129":0,"130":0,"131":0,"132":0,"133":0,"134":0,"135":0,"136":1,"137":0,"138":0,"139":0,"140":0,"141":1,"142":0,"143":0,"144":0,"145":0,"146":0,"147":0,"148":0,"149":0,"150":0,"151":0,"152":0,"153":0,"154":1,"155":0,"156":0,"157":0,"158":0,"159":0,"160":0,"161":0,"162":0,"163":0,"164":0,"165":0,"166":0,"167":0,"168":1,"169":0,"170":0,"171":1,"172":0,"173":0,"174":0,"175":0,"176":0,"177":0,"178":0,"179":0,"180":0,"181":0,"182":0,"183":0,"184":0,"185":0,"186":0,"187":0,"188":0,"189":0,"190":0,"191":0,"192":0,"193":0,"194":0,"195":0,"196":0,"197":0,"198":0,"199":0,"200":0,"201":0,"202":0,"203":0,"204":0,"205":0,"206":0,"207":0,"208":0,"209":1,"210":0,"211":0,"212":0,"213":0,"214":0,"215":0,"216":0,"217":0,"218":0,"219":1,"220":0,"221":0,"222":0,"223":0,"224":0,"225":0,"226":0,"227":0,"228":0,"229":0,"230":0,"231":0,"232":0,"233":0,"234":0,"235":0,"236":0,"237":0,"238":0,"239":0,"240":0,"241":0,"242":0,"243":0,"244":1,"245":0,"246":0,"247":0,"248":0,"249":0,"250":0,"251":0,"252":0,"253":0,"254":0,"255":0,"256":0,"257":0,"258":0,"259":0,"260":0,"261":0,"262":0,"263":0,"264":0,"265":0,"266":0,"267":0,"268":0,"269":0,"270":0,"271":0,"272":1,"273":0,"274":0,"275":0,"276":0,"277":0,"278":0,"279":0,"280":0,"281":0,"282":0,"283":0,"284":0,"285":1,"286":0,"287":0,"288":0,"289":0,"290":0,"291":0,"292":0,"293":0,"294":0,"295":0,"296":0,"297":0,"298":0,"299":0,"300":0,"301":0,"302":0,"303":0,"304":0,"305":0,"306":1,"307":0,"308":0,"309":0,"310":0,"311":1,"312":0,"313":0,"314":0,"315":0,"316":0,"317":0,"318":0,"319":1,"320":0,"321":0,"322":0,"323":0,"324":1,"325":0,"326":0,"327":0,"328":0,"329":0,"330":0,"331":0,"332":0,"333":1,"334":0,"335":0,"336":0,"337":0,"338":0,"339":0,"340":0,"341":0,"342":0,"343":0,"344":0,"345":0,"346":0,"347":0,"348":0,"349":0,"350":0,"351":0,"352":1,"353":0,"354":1,"355":0,"356":0,"357":0,"358":0,"359":0,"360":0,"361":0,"362":0,"363":0,"364":0,"365":0,"366":0,"367":0,"368":0,"369":1,"370":0,"371":0,"372":0,"373":0,"374":0,"375":0,"376":0,"377":0,"378":0,"379":0,"380":0,"381":0,"382":0,"383":0,"384":0,"385":0,"386":0,"387":0,"388":0,"389":0,"390":0,"391":0,"392":0,"393":0,"394":0,"395":0,"396":0,"397":0,"398":0,"399":0,"400":0,"401":0,"402":1,"403":0,"404":0,"405":0,"406":0,"407":0,"408":0,"409":0,"410":0,"411":0,"412":0,"413":0,"414":1,"415":0,"416":0,"417":0,"418":0,"419":0,"420":0,"421":0,"422":1,"423":0,"424":0,"425":0,"426":0,"427":0,"428":0,"429":0,"430":0,"431":0,"432":0,"433":0,"434":0,"435":0,"436":0,"437":0,"438":0,"439":0,"440":1,"441":0,"442":0,"443":0,"444":0,"445":0,"446":0,"447":0,"448":1,"449":0,"450":0,"451":0,"452":0,"453":0,"454":0,"455":0,"456":0,"457":0,"458":0,"459":0,"460":0,"461":0,"462":1,"463":1,"464":0,"465":0,"466":0,"467":0,"468":0,"469":0,"470":0,"471":0,"472":1,"473":0,"474":0,"475":1,"476":0,"477":0,"478":0,"479":0,"480":0,"481":0,"482":0,"483":0,"484":0,"485":0,"486":0,"487":0,"488":0,"489":0,"490":0,"491":1,"492":0,"493":0,"494":0,"495":0,"496":0,"497":0,"498":0,"499":0,"500":0,"501":0,"502":0,"503":1,"504":0,"505":0,"506":0,"507":0,"508":0,"509":0,"510":0,"511":0,"512":0,"513":0,"514":1,"515":0,"516":0,"517":0,"518":0,"519":0,"520":0,"521":0,"522":0,"523":0,"524":0,"525":0,"526":1,"527":0,"528":0,"529":0,"530":0,"531":0,"532":0,"533":0,"534":1,"535":0,"536":1,"537":0,"538":0,"539":0,"540":0,"541":0,"542":0,"543":0},"b":{"1":[0,0],"2":[0,0],"3":[0,0],"4":[0,0],"5":[0,0],"6":[0,0,0],"7":[0,0],"8":[0,0],"9":[0,0],"10":[0,0],"11":[0,0],"12":[0,0],"13":[0,0],"14":[0,0],"15":[0,0,0,0,0,0,0],"16":[0,0],"17":[0],"18":[0,0],"19":[0,0],"20":[0,0],"21":[0,0],"22":[0,0],"23":[0,0,0,0],"24":[0,0],"25":[0,0],"26":[0,0,0],"27":[0,0],"28":[0,0],"29":[0,0],"30":[0,0],"31":[0,0],"32":[0,0],"33":[0,0],"34":[0,0],"35":[0,0],"36":[0,0],"37":[0,0],"38":[0,0],"39":[0,0],"40":[0,0],"41":[0,0],"42":[0,0],"43":[0,0],"44":[0,0],"45":[0,0],"46":[0,0],"47":[0,0],"48":[0,0],"49":[0,0],"50":[0,0],"51":[0,0],"52":[0,0],"53":[0,0],"54":[0,0],"55":[0,0],"56":[0,0],"57":[0,0],"58":[0,0],"59":[0,0],"60":[0,0],"61":[0,0],"62":[0,0],"63":[0,0],"64":[0,0],"65":[0,0],"66":[0,0],"67":[0,0],"68":[0,0],"69":[0,0],"70":[0,0,0],"71":[0,0],"72":[0,0],"73":[0,0],"74":[0,0],"75":[0,0],"76":[0,0],"77":[0,0],"78":[0,0],"79":[0,0],"80":[0,0],"81":[0,0],"82":[0,0],"83":[0,0],"84":[0,0],"85":[0,0],"86":[0,0],"87":[0,0],"88":[0,0],"89":[0,0],"90":[0,0],"91":[0,0],"92":[0,0],"93":[0,0],"94":[0,0,0,0],"95":[0,0],"96":[0,0],"97":[0,0],"98":[0,0],"99":[0,0,0,0,0],"100":[0,0],"101":[0,0],"102":[0,0],"103":[0,0],"104":[0,0],"105":[0,0],"106":[0,0],"107":[0,0],"108":[0,0],"109":[0,0],"110":[0,0],"111":[0,0],"112":[0,0],"113":[0,0],"114":[0,0],"115":[0,0],"116":[0,0],"117":[0,0],"118":[0,0],"119":[0,0],"120":[0,0],"121":[0,0],"122":[0,0],"123":[0,0],"124":[0,0],"125":[0,0],"126":[0,0],"127":[0,0],"128":[0,0],"129":[0,0],"130":[0,0],"131":[0,0],"132":[0,0],"133":[0,0],"134":[0,0],"135":[0,0],"136":[0,0],"137":[0,0],"138":[0,0],"139":[0,0],"140":[0,0,0],"141":[0,0],"142":[0,0],"143":[0,0]},"f":{"1":0,"2":0,"3":0,"4":0,"5":0,"6":0,"7":0,"8":0,"9":0,"10":0,"11":0,"12":0,"13":0,"14":0,"15":0,"16":0,"17":0,"18":0,"19":0,"20":0,"21":0,"22":0,"23":0,"24":0,"25":0,"26":0,"27":0,"28":0,"29":0,"30":0,"31":0,"32":0,"33":0,"34":0,"35":0,"36":0,"37":0,"38":0,"39":0,"40":0,"41":0,"42":0,"43":0,"44":0,"45":0,"46":0,"47":0,"48":0,"49":0,"50":0,"51":0,"52":0,"53":0,"54":0,"55":0,"56":0,"57":0,"58":0,"59":0,"60":0,"61":0,"62":0,"63":0,"64":0,"65":0,"66":0,"67":0,"68":0,"69":0,"70":0,"71":0,"72":0,"73":0,"74":0,"75":0},"fnMap":{"1":{"name":"(anonymous_1)","line":26,"loc":{"start":{"line":26,"column":17},"end":{"line":26,"column":39}}},"2":{"name":"(anonymous_2)","line":32,"loc":{"start":{"line":32,"column":18},"end":{"line":32,"column":29}}},"3":{"name":"(anonymous_3)","line":47,"loc":{"start":{"line":47,"column":23},"end":{"line":47,"column":34}}},"4":{"name":"WemoPlatform","line":65,"loc":{"start":{"line":65,"column":0},"end":{"line":65,"column":40}}},"5":{"name":"(anonymous_5)","line":83,"loc":{"start":{"line":83,"column":30},"end":{"line":83,"column":47}}},"6":{"name":"(anonymous_6)","line":90,"loc":{"start":{"line":90,"column":33},"end":{"line":90,"column":60}}},"7":{"name":"(anonymous_7)","line":138,"loc":{"start":{"line":138,"column":38},"end":{"line":138,"column":49}}},"8":{"name":"(anonymous_8)","line":143,"loc":{"start":{"line":143,"column":8},"end":{"line":143,"column":18}}},"9":{"name":"(anonymous_9)","line":150,"loc":{"start":{"line":150,"column":38},"end":{"line":150,"column":55}}},"10":{"name":"(anonymous_10)","line":193,"loc":{"start":{"line":193,"column":42},"end":{"line":193,"column":65}}},"11":{"name":"(anonymous_11)","line":203,"loc":{"start":{"line":203,"column":44},"end":{"line":203,"column":64}}},"12":{"name":"(anonymous_12)","line":208,"loc":{"start":{"line":208,"column":53},"end":{"line":208,"column":90}}},"13":{"name":"(anonymous_13)","line":216,"loc":{"start":{"line":216,"column":26},"end":{"line":216,"column":37}}},"14":{"name":"(anonymous_14)","line":218,"loc":{"start":{"line":218,"column":12},"end":{"line":218,"column":23}}},"15":{"name":"(anonymous_15)","line":220,"loc":{"start":{"line":220,"column":15},"end":{"line":220,"column":29}}},"16":{"name":"(anonymous_16)","line":222,"loc":{"start":{"line":222,"column":58},"end":{"line":222,"column":70}}},"17":{"name":"(anonymous_17)","line":281,"loc":{"start":{"line":281,"column":41},"end":{"line":281,"column":61}}},"18":{"name":"WemoAccessory","line":291,"loc":{"start":{"line":291,"column":0},"end":{"line":291,"column":47}}},"19":{"name":"(anonymous_19)","line":307,"loc":{"start":{"line":307,"column":34},"end":{"line":307,"column":61}}},"20":{"name":"(anonymous_20)","line":317,"loc":{"start":{"line":317,"column":42},"end":{"line":317,"column":80}}},"21":{"name":"(anonymous_21)","line":348,"loc":{"start":{"line":348,"column":43},"end":{"line":348,"column":54}}},"22":{"name":"(anonymous_22)","line":353,"loc":{"start":{"line":353,"column":40},"end":{"line":353,"column":59}}},"23":{"name":"(anonymous_23)","line":354,"loc":{"start":{"line":354,"column":27},"end":{"line":354,"column":38}}},"24":{"name":"(anonymous_24)","line":356,"loc":{"start":{"line":356,"column":30},"end":{"line":356,"column":56}}},"25":{"name":"(anonymous_25)","line":424,"loc":{"start":{"line":424,"column":41},"end":{"line":424,"column":60}}},"26":{"name":"(anonymous_26)","line":426,"loc":{"start":{"line":426,"column":27},"end":{"line":426,"column":38}}},"27":{"name":"(anonymous_27)","line":431,"loc":{"start":{"line":431,"column":35},"end":{"line":431,"column":56}}},"28":{"name":"(anonymous_28)","line":443,"loc":{"start":{"line":443,"column":40},"end":{"line":443,"column":57}}},"29":{"name":"(anonymous_29)","line":447,"loc":{"start":{"line":447,"column":40},"end":{"line":447,"column":83}}},"30":{"name":"(anonymous_30)","line":477,"loc":{"start":{"line":477,"column":38},"end":{"line":477,"column":54}}},"31":{"name":"(anonymous_31)","line":492,"loc":{"start":{"line":492,"column":40},"end":{"line":492,"column":84}}},"32":{"name":"(anonymous_32)","line":506,"loc":{"start":{"line":506,"column":12},"end":{"line":506,"column":33}}},"33":{"name":"(anonymous_33)","line":533,"loc":{"start":{"line":533,"column":34},"end":{"line":533,"column":49}}},"34":{"name":"(anonymous_34)","line":548,"loc":{"start":{"line":548,"column":41},"end":{"line":548,"column":67}}},"35":{"name":"(anonymous_35)","line":552,"loc":{"start":{"line":552,"column":27},"end":{"line":552,"column":38}}},"36":{"name":"(anonymous_36)","line":555,"loc":{"start":{"line":555,"column":42},"end":{"line":555,"column":57}}},"37":{"name":"(anonymous_37)","line":571,"loc":{"start":{"line":571,"column":45},"end":{"line":571,"column":71}}},"38":{"name":"(anonymous_38)","line":573,"loc":{"start":{"line":573,"column":27},"end":{"line":573,"column":38}}},"39":{"name":"(anonymous_39)","line":592,"loc":{"start":{"line":592,"column":34},"end":{"line":592,"column":49}}},"40":{"name":"(anonymous_40)","line":610,"loc":{"start":{"line":610,"column":38},"end":{"line":610,"column":55}}},"41":{"name":"(anonymous_41)","line":614,"loc":{"start":{"line":614,"column":28},"end":{"line":614,"column":42}}},"42":{"name":"(anonymous_42)","line":619,"loc":{"start":{"line":619,"column":44},"end":{"line":619,"column":58}}},"43":{"name":"(anonymous_43)","line":632,"loc":{"start":{"line":632,"column":46},"end":{"line":632,"column":75}}},"44":{"name":"(anonymous_44)","line":639,"loc":{"start":{"line":639,"column":44},"end":{"line":639,"column":60}}},"45":{"name":"(anonymous_45)","line":654,"loc":{"start":{"line":654,"column":47},"end":{"line":654,"column":63}}},"46":{"name":"(anonymous_46)","line":677,"loc":{"start":{"line":677,"column":38},"end":{"line":677,"column":53}}},"47":{"name":"(anonymous_47)","line":685,"loc":{"start":{"line":685,"column":45},"end":{"line":685,"column":65}}},"48":{"name":"(anonymous_48)","line":689,"loc":{"start":{"line":689,"column":49},"end":{"line":689,"column":81}}},"49":{"name":"(anonymous_49)","line":721,"loc":{"start":{"line":721,"column":44},"end":{"line":721,"column":74}}},"50":{"name":"(anonymous_50)","line":784,"loc":{"start":{"line":784,"column":44},"end":{"line":784,"column":60}}},"51":{"name":"(anonymous_51)","line":804,"loc":{"start":{"line":804,"column":49},"end":{"line":804,"column":63}}},"52":{"name":"WemoLinkAccessory","line":817,"loc":{"start":{"line":817,"column":0},"end":{"line":817,"column":57}}},"53":{"name":"(anonymous_53)","line":826,"loc":{"start":{"line":826,"column":28},"end":{"line":826,"column":42}}},"54":{"name":"(anonymous_54)","line":837,"loc":{"start":{"line":837,"column":34},"end":{"line":837,"column":61}}},"55":{"name":"setOn","line":850,"loc":{"start":{"line":850,"column":8},"end":{"line":850,"column":25}}},"56":{"name":"(anonymous_56)","line":859,"loc":{"start":{"line":859,"column":23},"end":{"line":859,"column":34}}},"57":{"name":"setOff","line":864,"loc":{"start":{"line":864,"column":8},"end":{"line":864,"column":26}}},"58":{"name":"(anonymous_58)","line":873,"loc":{"start":{"line":873,"column":23},"end":{"line":873,"column":34}}},"59":{"name":"(anonymous_59)","line":883,"loc":{"start":{"line":883,"column":35},"end":{"line":883,"column":75}}},"60":{"name":"(anonymous_60)","line":897,"loc":{"start":{"line":897,"column":46},"end":{"line":897,"column":71}}},"61":{"name":"(anonymous_61)","line":918,"loc":{"start":{"line":918,"column":47},"end":{"line":918,"column":59}}},"62":{"name":"(anonymous_62)","line":923,"loc":{"start":{"line":923,"column":45},"end":{"line":923,"column":64}}},"63":{"name":"(anonymous_63)","line":924,"loc":{"start":{"line":924,"column":27},"end":{"line":924,"column":38}}},"64":{"name":"(anonymous_64)","line":926,"loc":{"start":{"line":926,"column":54},"end":{"line":926,"column":82}}},"65":{"name":"(anonymous_65)","line":948,"loc":{"start":{"line":948,"column":44},"end":{"line":948,"column":70}}},"66":{"name":"(anonymous_66)","line":949,"loc":{"start":{"line":949,"column":27},"end":{"line":949,"column":38}}},"67":{"name":"(anonymous_67)","line":959,"loc":{"start":{"line":959,"column":15},"end":{"line":959,"column":39}}},"68":{"name":"(anonymous_68)","line":963,"loc":{"start":{"line":963,"column":92},"end":{"line":963,"column":116}}},"69":{"name":"(anonymous_69)","line":973,"loc":{"start":{"line":973,"column":45},"end":{"line":973,"column":71}}},"70":{"name":"(anonymous_70)","line":976,"loc":{"start":{"line":976,"column":27},"end":{"line":976,"column":38}}},"71":{"name":"(anonymous_71)","line":984,"loc":{"start":{"line":984,"column":95},"end":{"line":984,"column":119}}},"72":{"name":"(anonymous_72)","line":990,"loc":{"start":{"line":990,"column":43},"end":{"line":990,"column":83}}},"73":{"name":"(anonymous_73)","line":1013,"loc":{"start":{"line":1013,"column":47},"end":{"line":1013,"column":68}}},"74":{"name":"(anonymous_74)","line":1026,"loc":{"start":{"line":1026,"column":49},"end":{"line":1026,"column":69}}},"75":{"name":"(anonymous_75)","line":1030,"loc":{"start":{"line":1030,"column":48},"end":{"line":1030,"column":64}}}},"statementMap":{"1":{"start":{"line":15,"column":0},"end":{"line":16,"column":34}},"2":{"start":{"line":18,"column":0},"end":{"line":19,"column":57}},"3":{"start":{"line":21,"column":0},"end":{"line":21,"column":79}},"4":{"start":{"line":22,"column":0},"end":{"line":22,"column":22}},"5":{"start":{"line":24,"column":0},"end":{"line":24,"column":33}},"6":{"start":{"line":26,"column":0},"end":{"line":63,"column":2}},"7":{"start":{"line":27,"column":4},"end":{"line":27,"column":45}},"8":{"start":{"line":28,"column":4},"end":{"line":28,"column":51}},"9":{"start":{"line":29,"column":4},"end":{"line":29,"column":37}},"10":{"start":{"line":30,"column":4},"end":{"line":30,"column":34}},"11":{"start":{"line":32,"column":4},"end":{"line":42,"column":6}},"12":{"start":{"line":33,"column":8},"end":{"line":33,"column":89}},"13":{"start":{"line":35,"column":8},"end":{"line":39,"column":11}},"14":{"start":{"line":41,"column":8},"end":{"line":41,"column":44}},"15":{"start":{"line":43,"column":4},"end":{"line":43,"column":58}},"16":{"start":{"line":45,"column":4},"end":{"line":45,"column":62}},"17":{"start":{"line":47,"column":4},"end":{"line":57,"column":6}},"18":{"start":{"line":48,"column":8},"end":{"line":48,"column":95}},"19":{"start":{"line":50,"column":8},"end":{"line":54,"column":11}},"20":{"start":{"line":56,"column":8},"end":{"line":56,"column":44}},"21":{"start":{"line":58,"column":4},"end":{"line":58,"column":63}},"22":{"start":{"line":60,"column":4},"end":{"line":60,"column":67}},"23":{"start":{"line":62,"column":4},"end":{"line":62,"column":94}},"24":{"start":{"line":65,"column":0},"end":{"line":148,"column":1}},"25":{"start":{"line":66,"column":4},"end":{"line":66,"column":31}},"26":{"start":{"line":68,"column":4},"end":{"line":70,"column":5}},"27":{"start":{"line":69,"column":8},"end":{"line":69,"column":42}},"28":{"start":{"line":72,"column":4},"end":{"line":72,"column":59}},"29":{"start":{"line":74,"column":4},"end":{"line":74,"column":20}},"30":{"start":{"line":76,"column":4},"end":{"line":76,"column":19}},"31":{"start":{"line":77,"column":4},"end":{"line":77,"column":26}},"32":{"start":{"line":78,"column":4},"end":{"line":78,"column":19}},"33":{"start":{"line":80,"column":4},"end":{"line":80,"column":72}},"34":{"start":{"line":81,"column":4},"end":{"line":81,"column":103}},"35":{"start":{"line":83,"column":4},"end":{"line":136,"column":5}},"36":{"start":{"line":84,"column":8},"end":{"line":84,"column":48}},"37":{"start":{"line":85,"column":8},"end":{"line":85,"column":22}},"38":{"start":{"line":87,"column":8},"end":{"line":135,"column":9}},"39":{"start":{"line":88,"column":12},"end":{"line":88,"column":56}},"40":{"start":{"line":90,"column":12},"end":{"line":110,"column":15}},"41":{"start":{"line":91,"column":16},"end":{"line":109,"column":17}},"42":{"start":{"line":92,"column":20},"end":{"line":92,"column":68}},"43":{"start":{"line":93,"column":20},"end":{"line":93,"column":55}},"44":{"start":{"line":95,"column":20},"end":{"line":101,"column":21}},"45":{"start":{"line":96,"column":24},"end":{"line":98,"column":25}},"46":{"start":{"line":97,"column":28},"end":{"line":97,"column":60}},"47":{"start":{"line":100,"column":24},"end":{"line":100,"column":31}},"48":{"start":{"line":103,"column":20},"end":{"line":108,"column":21}},"49":{"start":{"line":104,"column":24},"end":{"line":104,"column":69}},"50":{"start":{"line":107,"column":24},"end":{"line":107,"column":115}},"51":{"start":{"line":113,"column":12},"end":{"line":113,"column":47}},"52":{"start":{"line":115,"column":12},"end":{"line":121,"column":13}},"53":{"start":{"line":116,"column":16},"end":{"line":118,"column":17}},"54":{"start":{"line":117,"column":20},"end":{"line":117,"column":52}},"55":{"start":{"line":120,"column":16},"end":{"line":120,"column":23}},"56":{"start":{"line":123,"column":12},"end":{"line":134,"column":13}},"57":{"start":{"line":124,"column":16},"end":{"line":124,"column":42}},"58":{"start":{"line":126,"column":17},"end":{"line":134,"column":13}},"59":{"start":{"line":127,"column":16},"end":{"line":127,"column":108}},"60":{"start":{"line":128,"column":16},"end":{"line":128,"column":46}},"61":{"start":{"line":129,"column":16},"end":{"line":129,"column":48}},"62":{"start":{"line":132,"column":16},"end":{"line":132,"column":86}},"63":{"start":{"line":133,"column":15},"end":{"line":133,"column":87}},"64":{"start":{"line":138,"column":4},"end":{"line":140,"column":7}},"65":{"start":{"line":139,"column":8},"end":{"line":139,"column":43}},"66":{"start":{"line":142,"column":4},"end":{"line":147,"column":6}},"67":{"start":{"line":144,"column":12},"end":{"line":144,"column":47}},"68":{"start":{"line":150,"column":0},"end":{"line":191,"column":1}},"69":{"start":{"line":151,"column":4},"end":{"line":151,"column":20}},"70":{"start":{"line":153,"column":4},"end":{"line":170,"column":5}},"71":{"start":{"line":156,"column":12},"end":{"line":156,"column":41}},"72":{"start":{"line":157,"column":12},"end":{"line":157,"column":18}},"73":{"start":{"line":159,"column":12},"end":{"line":159,"column":41}},"74":{"start":{"line":160,"column":12},"end":{"line":160,"column":18}},"75":{"start":{"line":163,"column":12},"end":{"line":163,"column":47}},"76":{"start":{"line":164,"column":12},"end":{"line":164,"column":18}},"77":{"start":{"line":166,"column":12},"end":{"line":166,"column":41}},"78":{"start":{"line":167,"column":12},"end":{"line":167,"column":18}},"79":{"start":{"line":169,"column":12},"end":{"line":169,"column":87}},"80":{"start":{"line":172,"column":4},"end":{"line":174,"column":5}},"81":{"start":{"line":173,"column":8},"end":{"line":173,"column":15}},"82":{"start":{"line":176,"column":4},"end":{"line":176,"column":71}},"83":{"start":{"line":178,"column":4},"end":{"line":178,"column":85}},"84":{"start":{"line":179,"column":4},"end":{"line":179,"column":73}},"85":{"start":{"line":181,"column":4},"end":{"line":187,"column":5}},"86":{"start":{"line":184,"column":12},"end":{"line":184,"column":51}},"87":{"start":{"line":185,"column":12},"end":{"line":185,"column":56}},"88":{"start":{"line":186,"column":12},"end":{"line":186,"column":18}},"89":{"start":{"line":189,"column":4},"end":{"line":189,"column":86}},"90":{"start":{"line":190,"column":4},"end":{"line":190,"column":96}},"91":{"start":{"line":193,"column":0},"end":{"line":201,"column":1}},"92":{"start":{"line":194,"column":4},"end":{"line":194,"column":69}},"93":{"start":{"line":196,"column":4},"end":{"line":196,"column":90}},"94":{"start":{"line":197,"column":4},"end":{"line":197,"column":110}},"95":{"start":{"line":199,"column":4},"end":{"line":199,"column":96}},"96":{"start":{"line":200,"column":4},"end":{"line":200,"column":96}},"97":{"start":{"line":203,"column":0},"end":{"line":206,"column":1}},"98":{"start":{"line":204,"column":4},"end":{"line":204,"column":40}},"99":{"start":{"line":205,"column":4},"end":{"line":205,"column":49}},"100":{"start":{"line":208,"column":0},"end":{"line":279,"column":1}},"101":{"start":{"line":209,"column":4},"end":{"line":209,"column":20}},"102":{"start":{"line":210,"column":4},"end":{"line":210,"column":22}},"103":{"start":{"line":212,"column":4},"end":{"line":214,"column":5}},"104":{"start":{"line":213,"column":8},"end":{"line":213,"column":32}},"105":{"start":{"line":216,"column":4},"end":{"line":223,"column":5}},"106":{"start":{"line":217,"column":8},"end":{"line":220,"column":132}},"107":{"start":{"line":218,"column":24},"end":{"line":218,"column":89}},"108":{"start":{"line":220,"column":30},"end":{"line":220,"column":75}},"109":{"start":{"line":220,"column":65},"end":{"line":220,"column":75}},"110":{"start":{"line":220,"column":76},"end":{"line":220,"column":120}},"111":{"start":{"line":220,"column":111},"end":{"line":220,"column":120}},"112":{"start":{"line":220,"column":121},"end":{"line":220,"column":129}},"113":{"start":{"line":222,"column":8},"end":{"line":222,"column":127}},"114":{"start":{"line":222,"column":71},"end":{"line":222,"column":97}},"115":{"start":{"line":225,"column":4},"end":{"line":278,"column":5}},"116":{"start":{"line":227,"column":12},"end":{"line":245,"column":13}},"117":{"start":{"line":228,"column":16},"end":{"line":230,"column":17}},"118":{"start":{"line":229,"column":20},"end":{"line":229,"column":100}},"119":{"start":{"line":232,"column":16},"end":{"line":237,"column":17}},"120":{"start":{"line":239,"column":16},"end":{"line":239,"column":40}},"121":{"start":{"line":240,"column":16},"end":{"line":240,"column":35}},"122":{"start":{"line":243,"column":16},"end":{"line":243,"column":40}},"123":{"start":{"line":244,"column":16},"end":{"line":244,"column":66}},"124":{"start":{"line":246,"column":12},"end":{"line":246,"column":18}},"125":{"start":{"line":248,"column":12},"end":{"line":248,"column":40}},"126":{"start":{"line":250,"column":12},"end":{"line":256,"column":13}},"127":{"start":{"line":258,"column":12},"end":{"line":258,"column":55}},"128":{"start":{"line":259,"column":12},"end":{"line":259,"column":31}},"129":{"start":{"line":260,"column":12},"end":{"line":260,"column":18}},"130":{"start":{"line":262,"column":12},"end":{"line":277,"column":13}},"131":{"start":{"line":263,"column":16},"end":{"line":263,"column":40}},"132":{"start":{"line":264,"column":16},"end":{"line":264,"column":66}},"133":{"start":{"line":267,"column":16},"end":{"line":273,"column":17}},"134":{"start":{"line":275,"column":16},"end":{"line":275,"column":42}},"135":{"start":{"line":276,"column":16},"end":{"line":276,"column":35}},"136":{"start":{"line":281,"column":0},"end":{"line":289,"column":1}},"137":{"start":{"line":282,"column":4},"end":{"line":282,"column":60}},"138":{"start":{"line":284,"column":4},"end":{"line":286,"column":5}},"139":{"start":{"line":285,"column":8},"end":{"line":285,"column":48}},"140":{"start":{"line":288,"column":4},"end":{"line":288,"column":98}},"141":{"start":{"line":291,"column":0},"end":{"line":314,"column":1}},"142":{"start":{"line":292,"column":4},"end":{"line":292,"column":20}},"143":{"start":{"line":294,"column":4},"end":{"line":294,"column":31}},"144":{"start":{"line":295,"column":4},"end":{"line":295,"column":25}},"145":{"start":{"line":296,"column":4},"end":{"line":296,"column":19}},"146":{"start":{"line":298,"column":4},"end":{"line":298,"column":29}},"147":{"start":{"line":299,"column":4},"end":{"line":299,"column":34}},"148":{"start":{"line":301,"column":4},"end":{"line":305,"column":84}},"149":{"start":{"line":307,"column":4},"end":{"line":310,"column":7}},"150":{"start":{"line":308,"column":8},"end":{"line":308,"column":62}},"151":{"start":{"line":309,"column":8},"end":{"line":309,"column":19}},"152":{"start":{"line":312,"column":4},"end":{"line":312,"column":31}},"153":{"start":{"line":313,"column":4},"end":{"line":313,"column":28}},"154":{"start":{"line":317,"column":0},"end":{"line":346,"column":1}},"155":{"start":{"line":318,"column":4},"end":{"line":318,"column":48}},"156":{"start":{"line":320,"column":4},"end":{"line":320,"column":57}},"157":{"start":{"line":322,"column":4},"end":{"line":325,"column":5}},"158":{"start":{"line":323,"column":8},"end":{"line":323,"column":37}},"159":{"start":{"line":324,"column":8},"end":{"line":324,"column":57}},"160":{"start":{"line":327,"column":4},"end":{"line":329,"column":5}},"161":{"start":{"line":328,"column":8},"end":{"line":328,"column":15}},"162":{"start":{"line":331,"column":4},"end":{"line":333,"column":5}},"163":{"start":{"line":332,"column":8},"end":{"line":332,"column":15}},"164":{"start":{"line":335,"column":4},"end":{"line":345,"column":5}},"165":{"start":{"line":337,"column":12},"end":{"line":339,"column":59}},"166":{"start":{"line":340,"column":12},"end":{"line":340,"column":18}},"167":{"start":{"line":342,"column":12},"end":{"line":344,"column":63}},"168":{"start":{"line":348,"column":0},"end":{"line":351,"column":1}},"169":{"start":{"line":349,"column":4},"end":{"line":349,"column":60}},"170":{"start":{"line":350,"column":4},"end":{"line":350,"column":83}},"171":{"start":{"line":353,"column":0},"end":{"line":422,"column":1}},"172":{"start":{"line":354,"column":4},"end":{"line":354,"column":41}},"173":{"start":{"line":356,"column":4},"end":{"line":421,"column":18}},"174":{"start":{"line":357,"column":8},"end":{"line":361,"column":9}},"175":{"start":{"line":358,"column":12},"end":{"line":358,"column":26}},"176":{"start":{"line":359,"column":12},"end":{"line":359,"column":23}},"177":{"start":{"line":360,"column":12},"end":{"line":360,"column":19}},"178":{"start":{"line":363,"column":8},"end":{"line":363,"column":44}},"179":{"start":{"line":366,"column":8},"end":{"line":390,"column":9}},"180":{"start":{"line":367,"column":12},"end":{"line":370,"column":13}},"181":{"start":{"line":368,"column":16},"end":{"line":368,"column":96}},"182":{"start":{"line":369,"column":16},"end":{"line":369,"column":95}},"183":{"start":{"line":372,"column":12},"end":{"line":374,"column":13}},"184":{"start":{"line":373,"column":16},"end":{"line":373,"column":88}},"185":{"start":{"line":376,"column":12},"end":{"line":378,"column":13}},"186":{"start":{"line":377,"column":16},"end":{"line":377,"column":95}},"187":{"start":{"line":381,"column":13},"end":{"line":390,"column":9}},"188":{"start":{"line":382,"column":12},"end":{"line":385,"column":13}},"189":{"start":{"line":383,"column":16},"end":{"line":383,"column":86}},"190":{"start":{"line":384,"column":16},"end":{"line":384,"column":72}},"191":{"start":{"line":387,"column":12},"end":{"line":389,"column":13}},"192":{"start":{"line":388,"column":16},"end":{"line":388,"column":98}},"193":{"start":{"line":392,"column":8},"end":{"line":414,"column":9}},"194":{"start":{"line":393,"column":12},"end":{"line":401,"column":13}},"195":{"start":{"line":394,"column":17},"end":{"line":397,"column":18}},"196":{"start":{"line":395,"column":21},"end":{"line":395,"column":107}},"197":{"start":{"line":396,"column":21},"end":{"line":396,"column":98}},"198":{"start":{"line":399,"column":17},"end":{"line":401,"column":13}},"199":{"start":{"line":400,"column":16},"end":{"line":400,"column":42}},"200":{"start":{"line":403,"column":12},"end":{"line":403,"column":54}},"201":{"start":{"line":406,"column":12},"end":{"line":406,"column":81}},"202":{"start":{"line":408,"column":12},"end":{"line":411,"column":13}},"203":{"start":{"line":409,"column":16},"end":{"line":409,"column":105}},"204":{"start":{"line":410,"column":16},"end":{"line":410,"column":60}},"205":{"start":{"line":413,"column":12},"end":{"line":413,"column":38}},"206":{"start":{"line":416,"column":8},"end":{"line":418,"column":9}},"207":{"start":{"line":417,"column":12},"end":{"line":417,"column":54}},"208":{"start":{"line":420,"column":8},"end":{"line":420,"column":19}},"209":{"start":{"line":424,"column":0},"end":{"line":441,"column":1}},"210":{"start":{"line":425,"column":4},"end":{"line":440,"column":5}},"211":{"start":{"line":426,"column":8},"end":{"line":428,"column":22}},"212":{"start":{"line":427,"column":12},"end":{"line":427,"column":113}},"213":{"start":{"line":431,"column":8},"end":{"line":439,"column":22}},"214":{"start":{"line":432,"column":12},"end":{"line":436,"column":13}},"215":{"start":{"line":433,"column":16},"end":{"line":433,"column":117}},"216":{"start":{"line":434,"column":16},"end":{"line":434,"column":83}},"217":{"start":{"line":435,"column":16},"end":{"line":435,"column":23}},"218":{"start":{"line":438,"column":12},"end":{"line":438,
[...]
tService(Service.Outlet);","    var consumption = service.getCharacteristic(Consumption);","","    if (consumption.value !== value) {","        this.log(\"%s - Consumption: %sw\", this.accessory.displayName, value);","        consumption.setValue(value);","    }","","    return value;","}","","WemoAccessory.prototype.updateInsightParams = function(state, power, data) {","    this.updateSwitchState(state);","    this.updateOutletInUse(state);","    this.updateConsumption(power);","    this.updateTotalConsumption(data.TodayConsumed);","}","","WemoAccessory.prototype.updateOutletInUse = function(state) {","    state = state | 0;","","    var value = !!state;","    var service = this.accessory.getService(Service.Switch) || this.accessory.getService(Service.Outlet);","    var outletInUse = service.getCharacteristic(Characteristic.OutletInUse);","","    if (outletInUse.value !== value) {","        this.log(\"%s - Outlet In Use: %s\", this.accessory.displayName, (value ? \"Yes\" : \"No\"));","        outletInUse.setValue(value);","    }","","    return value;","}","","WemoAccessory.prototype.updateMotionDetected = function(state) {","    state = state | 0;","","    var value = !!state;","    var motionDetected = this.accessory.getService(Service.MotionSensor).getCharacteristic(Characteristic.MotionDetected);","","    if ((value === motionDetected.value && this.motionTimer === undefined) || (value === false && this.motionTimer)) {","        return;","    }","","    if (value === true || noMotionTimer == 0) {","        if (this.motionTimer) {","            this.log(\"%s - no motion timer stopped\", this.accessory.displayName);","            clearTimeout(this.motionTimer);","            delete this.motionTimer;","        }","","        this.log(\"%s - Motion Sensor: %s\", this.accessory.displayName, (value ? \"Detected\" : \"Clear\"));","        motionDetected.setValue(value);","    }","    else {","        this.log(\"%s - no motion timer started [%d secs]\", this.accessory.displayName, noMotionTimer);","        clearTimeout(this.motionTimer);","        this.motionTimer = setTimeout(function(self) {","            self.log(\"%s - Motion Sensor: Clear; no motion timer completed\", self.accessory.displayName);","            self.accessory.getService(Service.MotionSensor).getCharacteristic(Characteristic.MotionDetected).setValue(false);","            delete self.motionTimer;","        }, noMotionTimer * 1000, this);","    }","}","","WemoAccessory.prototype.updateReachability = function(reachable) {","    this.accessory.updateReachability(reachable);","}","","WemoAccessory.prototype.updateCurrentDoorState = function(value, actualFeedback) {","    var state;","","    switch(value) {","        case Characteristic.CurrentDoorState.OPEN:","            state = \"Open\";","            break;","        case Characteristic.CurrentDoorState.CLOSED:","            state = \"Closed\";","            break;","        case Characteristic.CurrentDoorState.OPENING:","            state = \"Opening\";","            break;","        case Characteristic.CurrentDoorState.CLOSING:","            state = \"Closing\";","            break;","        case Characteristic.CurrentDoorState.STOPPED:","            state = \"Stopped\";","            break;","    }","","    this.log(\"%s - Get Current Door State: %s\",","        this.accessory.displayName,","        state","    );","","    this.accessory","        .getService(Service.GarageDoorOpener)","        .getCharacteristic(Characteristic.CurrentDoorState)","        .updateValue(value);","}","","WemoAccessory.prototype.updateSensorState = function(state, wasTriggered) {","    state = state | 0;","","    var value = !state;","","    if (this.accessory.getService(Service.ContactSensor) !== undefined) {","        var sensorState = this.accessory.getService(Service.ContactSensor).getCharacteristic(Characteristic.ContactSensorState);","","        if (sensorState.value !== value) {","            this.log(\"%s - Sensor: %s\", this.accessory.displayName, (value ? \"Detected\" : \"Not detected\"));","            sensorState.updateValue(value ?  Characteristic.ContactSensorState.CONTACT_DETECTED: Characteristic.ContactSensorState.CONTACT_NOT_DETECTED);","        }","    }","    else if (this.accessory.getService(Service.GarageDoorOpener) !== undefined) {","        var targetDoorState = this.accessory.getService(Service.GarageDoorOpener).getCharacteristic(Characteristic.TargetDoorState);","","        if (targetDoorState.value == Characteristic.TargetDoorState.OPEN) {","            // Garage door's target state is OPEN and the garage door's current state is OPEN","            if (value == Characteristic.CurrentDoorState.OPEN) {","                if (this.isMoving !== true) {","                    this.updateCurrentDoorState(Characteristic.CurrentDoorState.OPEN, true);","                }","                else {","                    this.updateCurrentDoorState(Characteristic.CurrentDoorState.OPENING, true);","                }","            }","            // Garage door's target state is OPEN, but the garage door's current state is CLOSED,","            // it must have been triggered externally by a remote control","            else if (value == Characteristic.CurrentDoorState.CLOSED) {","                this.log(\"%s - Set Target Door State: Closed (triggered by External)\", this.accessory.displayName);","                delete this.isMoving;","                targetDoorState.updateValue(Characteristic.TargetDoorState.CLOSED);","                this.updateCurrentDoorState(Characteristic.CurrentDoorState.CLOSED, true);","            }","        }","        else if (targetDoorState.value == Characteristic.TargetDoorState.CLOSED) {","            // Garage door's target state is CLOSED and the garage door's current state is CLOSED","            if (value == Characteristic.CurrentDoorState.CLOSED) {","                delete this.isMoving;","","                if (this.movingTimer) {","                    clearTimeout(this.movingTimer);","                    delete this.movingTimer;","                }","","                this.updateCurrentDoorState(Characteristic.CurrentDoorState.CLOSED, true);","            }","            // Garage door's target state is CLOSED, but the garage door's current state is OPEN,","            // it must have been triggered externally by a remote control","            else if (value == Characteristic.CurrentDoorState.OPEN) {","                this.log(\"%s - Set Target Door State: Open (triggered by External)\", this.accessory.displayName);","                targetDoorState.updateValue(Characteristic.TargetDoorState.OPEN);","","                if (wasTriggered === true) {","                    this.setDoorMoving(Characteristic.TargetDoorState.OPEN);","                }","            }","        }","    }","","    return value;","}","","WemoAccessory.prototype.updateSwitchState = function(state) {","    state = state | 0;","","    var value = !!state;","    var service = this.accessory.getService(Service.Switch) || this.accessory.getService(Service.Outlet);","    var switchState = service.getCharacteristic(Characteristic.On);","","    if (switchState.value !== value) {","        this.log(\"%s - Get state: %s\", this.accessory.displayName, (value ? \"On\" : \"Off\"));","        switchState.updateValue(value);","","        if(value === false && this.device.deviceType === Wemo.DEVICE_TYPE.Insight) {","            this.updateOutletInUse(0);","            this.updateConsumption(0);","        }","    }","","    return value;","}","","WemoAccessory.prototype.updateTotalConsumption = function(raw) {","    var value = Math.round(raw / 10000 * 6) / 100;","    var service = this.accessory.getService(Service.Switch) || this.accessory.getService(Service.Outlet);","    var totalConsumption = service.getCharacteristic(TotalConsumption);","","    if (totalConsumption.value !== value) {","        this.log(\"%s - Total Consumption: %skwh\", this.accessory.displayName, value);","        totalConsumption.updateValue(value);","    }","","    return value;","}","","function WemoLinkAccessory(log, accessory, link, device) {","    var self = this;","","    this.accessory = accessory;","    this.link = link;","    this.device = device;","    this.log = log;","    this.client = wemo.client(link, log);","","    this.client.on('error', function(err) {","        this.log('%s reported error %s', this.accessory.displayName, err.code);","    }.bind(this));","","    this.updateReachability(false);","","    this.accessory.getService(Service.AccessoryInformation)","        .setCharacteristic(Characteristic.Manufacturer, \"Belkin WeMo\")","        .setCharacteristic(Characteristic.Model, \"Dimmable Bulb\")","        .setCharacteristic(Characteristic.SerialNumber, device.deviceId);","","    this.accessory.on('identify', function(paired, callback) {","        this.log(\"%s - Identify\", this.accessory.displayName);","","        var switchState = this.accessory.getService(Service.Lightbulb).getCharacteristic(Characteristic.On);","        var count = 0;","","        if (switchState.value == true) {","            setOff();","        }","        else {","            setOn();","        }","","        function setOn() {","            switchState.setValue(true);","            count++;","","            if (count == 6) {","                callback();","                return;","            }","","            setTimeout(function() {","                setOff();","            }, 500);","        }","","        function setOff() {","            switchState.setValue(false);","            count++;","","            if (count == 6) {","                callback();","                return;","            }","","            setTimeout(function() {","                setOn();","            }, 750);","        }","    }.bind(this));","","    this.addEventHandlers();","    this.getSwitchState();","","    // register eventhandler","    this.client.on('statusChange', function(deviceId, capabilityId, value) {","        if (this.device.deviceId !== deviceId){","            return;","        }","","        this.statusChange(deviceId, capabilityId, value);","    }.bind(this));","}","","WemoLinkAccessory.OPTIONS = {","    Brightness: '10008',","    Switch:     '10006'","}","","WemoLinkAccessory.prototype.addEventHandler = function(characteristic) {","    var service = this.accessory.getService(Service.Lightbulb)","","    if (service.testCharacteristic(characteristic) === false) {","        return;","    }","","    switch(characteristic) {","        case Characteristic.On:","            service","                .getCharacteristic(Characteristic.On)","                .on('set', this.setSwitchState.bind(this));","            break;","        case Characteristic.Brightness:","            service","                .getCharacteristic(Characteristic.Brightness)","                .on('set', this.setBrightness.bind(this));","            break;","    }","}","","WemoLinkAccessory.prototype.addEventHandlers = function () {","    this.addEventHandler(Characteristic.On);","    this.addEventHandler(Characteristic.Brightness);","}","","WemoLinkAccessory.prototype.getSwitchState = function(callback) {","    callback = callback || function() {};","","    this.client.getDeviceStatus(this.device.deviceId, function(err, capabilities) {","        if(err) {","            callback(null);","            return;","        }","","        if (capabilities[WemoLinkAccessory.OPTIONS.Switch] === undefined || !capabilities[WemoLinkAccessory.OPTIONS.Switch].length) { // we've get no data in the capabilities array, so it's off","            this.log(\"Offline: %s [%s]\", this.accessory.displayName, this.device.deviceId);","            this.updateReachability(false);","            callback(null);","            return;","        }","","        this.log(\"Online: %s [%s]\", this.accessory.displayName, this.device.deviceId);","","        var value = this.updateSwitchState(capabilities[WemoLinkAccessory.OPTIONS.Switch]);","        this.updateBrightness(capabilities[WemoLinkAccessory.OPTIONS.Brightness]);","        this.updateReachability(true);","        callback(null, value);","    }.bind(this));","}","","WemoLinkAccessory.prototype.setBrightness = function(value, callback) {","    callback = callback || function() {};","","    if (this.brightness == value) {","        callback(null);","        return;","    }","","    this._brightness = value;","","    //defer the actual update to smooth out changes from sliders","    setTimeout(function(caller, value) {","        //check that we actually have a change to make and that something","        //hasn't tried to update the brightness again in the last 0.1 seconds","        if (caller.brightness !== value && caller._brightness == value) {","            caller.client.setDeviceStatus(caller.device.deviceId, 10008, value * 255 / 100, function(err, response) {","                caller.log(\"%s - Set brightness: %s%\", caller.accessory.displayName, value);","                caller.brightness = value;","            }.bind(caller));","        }","    }, 100, this, value);","","    callback(null);","}","","WemoLinkAccessory.prototype.setSwitchState = function(state, callback) {","    var value = state | 0;","    var switchState = this.accessory.getService(Service.Lightbulb).getCharacteristic(Characteristic.On);","    callback = callback || function() {};","","    if(switchState.value == value) {","        callback(null);","        return;","    }","","    this.log(\"%s - Set state: %s\", this.accessory.displayName, (value ? \"On\" : \"Off\"));","    this.client.setDeviceStatus(this.device.deviceId, WemoLinkAccessory.OPTIONS.Switch, value, function(err, response) {","        this.device.capabilities[WemoLinkAccessory.OPTIONS.Switch] = value;","        callback(null);","    }.bind(this));","}","","WemoLinkAccessory.prototype.statusChange = function(deviceId, capabilityId, value) {","    if (this.accessory.reachable === false) {","        this.updateReachability(true);","    }","","    if (this.device.capabilities[capabilityId] == value) {","        return;","    }","","    this.device.capabilities[capabilityId] = value;","","    switch(capabilityId) {","        case WemoLinkAccessory.OPTIONS.Brightness:","            this.updateBrightness(value);","            break;","        case WemoLinkAccessory.OPTIONS.Switch:","            this.updateSwitchState(value);","            break;","        default:","            this.log(\"This capability (%s) not implemented\", capabilityId);","    }","}","","WemoLinkAccessory.prototype.updateBrightness = function(capability) {","    var value = Math.round(capability.split(':').shift() * 100 / 255 );","    var brightness = this.accessory.getService(Service.Lightbulb).getCharacteristic(Characteristic.Brightness);","","    if (brightness.value != value) {","        this.log(\"%s - Get brightness: %s%\", this.accessory.displayName, value);","        brightness.updateValue(value);","        this.brightness = value;","    }","","    return value;","}","","WemoLinkAccessory.prototype.updateReachability = function(reachable) {","    this.accessory.updateReachability(reachable);","}","","WemoLinkAccessory.prototype.updateSwitchState = function(state) {","    state = state | 0;","","    var value = !!state;","    var switchState = this.accessory.getService(Service.Lightbulb).getCharacteristic(Characteristic.On);","","    if (switchState.value != value) {","        this.log(\"%s - Get state: %s\", this.accessory.displayName, (value ? \"On\" : \"Off\"));","        switchState.updateValue(value);","    }","","    return value;","}",""],"l":{"15":1,"18":1,"21":1,"22":1,"24":1,"26":1,"27":0,"28":0,"29":0,"30":0,"32":0,"33":0,"35":0,"41":0,"43":0,"45":0,"47":0,"48":0,"50":0,"56":0,"58":0,"60":0,"62":0,"65":1,"66":0,"68":0,"69":0,"72":0,"74":0,"76":0,"77":0,"78":0,"80":0,"81":0,"83":0,"84":0,"85":0,"87":0,"88":0,"90":0,"91":0,"92":0,"93":0,"95":0,"96":0,"97":0,"100":0,"103":0,"104":0,"107":0,"113":0,"115":0,"116":0,"117":0,"120":0,"123":0,"124":0,"126":0,"127":0,"128":0,"129":0,"132":0,"133":0,"138":0,"139":0,"142":0,"144":0,"150":1,"151":0,"153":0,"156":0,"157":0,"159":0,"160":0,"163":0,"164":0,"166":0,"167":0,"169":0,"172":0,"173":0,"176":0,"178":0,"179":0,"181":0,"184":0,"185":0,"186":0,"189":0,"190":0,"193":1,"194":0,"196":0,"197":0,"199":0,"200":0,"203":1,"204":0,"205":0,"208":1,"209":0,"210":0,"212":0,"213":0,"216":0,"217":0,"218":0,"220":0,"222":0,"225":0,"227":0,"228":0,"229":0,"232":0,"239":0,"240":0,"243":0,"244":0,"246":0,"248":0,"250":0,"258":0,"259":0,"260":0,"262":0,"263":0,"264":0,"267":0,"275":0,"276":0,"281":1,"282":0,"284":0,"285":0,"288":0,"291":1,"292":0,"294":0,"295":0,"296":0,"298":0,"299":0,"301":0,"307":0,"308":0,"309":0,"312":0,"313":0,"317":1,"318":0,"320":0,"322":0,"323":0,"324":0,"327":0,"328":0,"331":0,"332":0,"335":0,"337":0,"340":0,"342":0,"348":1,"349":0,"350":0,"353":1,"354":0,"356":0,"357":0,"358":0,"359":0,"360":0,"363":0,"366":0,"367":0,"368":0,"369":0,"372":0,"373":0,"376":0,"377":0,"381":0,"382":0,"383":0,"384":0,"387":0,"388":0,"392":0,"393":0,"394":0,"395":0,"396":0,"399":0,"400":0,"403":0,"406":0,"408":0,"409":0,"410":0,"413":0,"416":0,"417":0,"420":0,"424":1,"425":0,"426":0,"427":0,"431":0,"432":0,"433":0,"434":0,"435":0,"438":0,"443":1,"444":0,"445":0,"447":0,"448":0,"450":0,"451":0,"453":0,"454":0,"456":0,"457":0,"461":0,"462":0,"463":0,"464":0,"465":0,"469":0,"471":0,"472":0,"477":0,"478":0,"479":0,"482":0,"487":0,"488":0,"492":1,"493":0,"495":0,"496":0,"497":0,"500":0,"501":0,"502":0,"505":0,"507":0,"513":0,"516":0,"518":0,"519":0,"521":0,"522":0,"523":0,"526":0,"527":0,"528":0,"533":0,"534":0,"535":0,"537":0,"539":0,"540":0,"541":0,"544":0,"548":1,"549":0,"550":0,"551":0,"552":0,"554":0,"555":0,"556":0,"557":0,"558":0,"561":0,"562":0,"567":0,"571":1,"572":0,"573":0,"575":0,"577":0,"579":0,"580":0,"581":0,"582":0,"583":0,"585":0,"586":0,"587":0,"588":0,"592":0,"593":0,"594":0,"599":0,"601":0,"604":0,"605":0,"610":1,"611":0,"612":0,"614":0,"615":0,"619":1,"620":0,"621":0,"622":0,"624":0,"625":0,"626":0,"629":0,"632":1,"633":0,"634":0,"635":0,"636":0,"639":1,"640":0,"642":0,"643":0,"644":0,"646":0,"647":0,"648":0,"651":0,"654":1,"655":0,"657":0,"658":0,"660":0,"661":0,"664":0,"665":0,"666":0,"667":0,"668":0,"671":0,"672":0,"675":0,"676":0,"677":0,"678":0,"679":0,"680":0,"685":1,"686":0,"689":1,"690":0,"692":0,"694":0,"695":0,"697":0,"698":0,"700":0,"701":0,"703":0,"704":0,"706":0,"707":0,"710":0,"715":0,"721":1,"722":0,"724":0,"726":0,"727":0,"729":0,"730":0,"731":0,"734":0,"735":0,"737":0,"739":0,"740":0,"741":0,"744":0,"749":0,"750":0,"751":0,"752":0,"753":0,"756":0,"758":0,"759":0,"761":0,"762":0,"763":0,"766":0,"770":0,"771":0,"772":0,"774":0,"775":0,"781":0,"784":1,"785":0,"787":0,"788":0,"789":0,"791":0,"792":0,"793":0,"795":0,"796":0,"797":0,"801":0,"804":1,"805":0,"806":0,"807":0,"809":0,"810":0,"811":0,"814":0,"817":1,"818":0,"820":0,"821":0,"822":0,"823":0,"824":0,"826":0,"827":0,"830":0,"832":0,"837":0,"838":0,"840":0,"841":0,"843":0,"844":0,"847":0,"850":1,"851":0,"852":0,"854":0,"855":0,"856":0,"859":0,"860":0,"864":1,"865":0,"866":0,"868":0,"869":0,"870":0,"873":0,"874":0,"879":0,"880":0,"883":0,"884":0,"885":0,"888":0,"892":1,"897":1,"898":0,"900":0,"901":0,"904":0,"906":0,"909":0,"911":0,"914":0,"918":1,"919":0,"920":0,"923":1,"924":0,"926":0,"927":0,"928":0,"929":0,"932":0,"933":0,"934":0,"935":0,"936":0,"939":0,"941":0,"942":0,"943":0,"944":0,"948":1,"949":0,"951":0,"952":0,"953":0,"956":0,"959":0,"962":0,"963":0,"964":0,"965":0,"970":0,"973":1,"974":0,"975":0,"976":0,"978":0,"979":0,"980":0,"983":0,"984":0,"985":0,"986":0,"990":1,"991":0,"992":0,"995":0,"996":0,"999":0,"1001":0,"1003":0,"1004":0,"1006":0,"1007":0,"1009":0,"1013":1,"1014":0,"1015":0,"1017":0,"1018":0,"1019":0,"1020":0,"1023":0,"1026":1,"1027":0,"1030":1,"1031":0,"1033":0,"1034":0,"1036":0,"1037":0,"1038":0,"1041":0}}}